{"numTotalTestSuites":252,"numPassedTestSuites":228,"numFailedTestSuites":24,"numPendingTestSuites":0,"numTotalTests":410,"numPassedTests":393,"numFailedTests":17,"numPendingTests":0,"numTodoTests":0,"snapshot":{"added":0,"failure":false,"filesAdded":0,"filesRemoved":0,"filesRemovedList":[],"filesUnmatched":0,"filesUpdated":0,"matched":0,"total":0,"unchecked":0,"uncheckedKeysByFile":[],"unmatched":0,"updated":0,"didUpdate":false},"startTime":1780288053192,"success":false,"testResults":[{"assertionResults":[{"ancestorTitles":["Módulo de BI e Relatórios (RPT-01, RPT-04, RPT-06)","Cálculo de Rentabilidade (RPT-04)"],"fullName":"Módulo de BI e Relatórios (RPT-01, RPT-04, RPT-06) Cálculo de Rentabilidade (RPT-04) deve calcular margem positiva corretamente","status":"passed","title":"deve calcular margem positiva corretamente","duration":2.464999999999975,"failureMessages":[],"meta":{},"tags":[]},{"ancestorTitles":["Módulo de BI e Relatórios (RPT-01, RPT-04, RPT-06)","Cálculo de Rentabilidade (RPT-04)"],"fullName":"Módulo de BI e Relatórios (RPT-01, RPT-04, RPT-06) Cálculo de Rentabilidade (RPT-04) deve retornar margem negativa se custo exceder valor","status":"passed","title":"deve retornar margem negativa se custo exceder valor","duration":0.3590000000000373,"failureMessages":[],"meta":{},"tags":[]},{"ancestorTitles":["Módulo de BI e Relatórios (RPT-01, RPT-04, RPT-06)","Ranking de Clientes (RPT-06)"],"fullName":"Módulo de BI e Relatórios (RPT-01, RPT-04, RPT-06) Ranking de Clientes (RPT-06) deve ordenar clientes por valor total decrescente","status":"passed","title":"deve ordenar clientes por valor total decrescente","duration":0.5138999999999783,"failureMessages":[],"meta":{},"tags":[]},{"ancestorTitles":["Módulo de BI e Relatórios (RPT-01, RPT-04, RPT-06)","KPIs de Vendas (RPT-01)"],"fullName":"Módulo de BI e Relatórios (RPT-01, RPT-04, RPT-06) KPIs de Vendas (RPT-01) deve calcular totais e ticket médio corretamente","status":"passed","title":"deve calcular totais e ticket médio corretamente","duration":0.3879999999999768,"failureMessages":[],"meta":{},"tags":[]}],"startTime":1780288063041,"endTime":1780288063045.388,"status":"passed","message":"","name":"D:/VS Code/AllVidros/tests/bi/bi.test.ts"},{"assertionResults":[{"ancestorTitles":["Conciliação Bancária (Sprint 21)"],"fullName":"Conciliação Bancária (Sprint 21) deve realizar match automático por valor e data (+/- 1 dia)","status":"passed","title":"deve realizar match automático por valor e data (+/- 1 dia)","duration":3.304899999999975,"failureMessages":[],"meta":{},"tags":[]},{"ancestorTitles":["Conciliação Bancária (Sprint 21)"],"fullName":"Conciliação Bancária (Sprint 21) não deve realizar match se a data for muito distante","status":"passed","title":"não deve realizar match se a data for muito distante","duration":0.5097999999999843,"failureMessages":[],"meta":{},"tags":[]},{"ancestorTitles":["Conciliação Bancária (Sprint 21)"],"fullName":"Conciliação Bancária (Sprint 21) deve detectar duplicatas no extrato","status":"passed","title":"deve detectar duplicatas no extrato","duration":0.3983000000000061,"failureMessages":[],"meta":{},"tags":[]}],"startTime":1780288063048,"endTime":1780288063052.3982,"status":"passed","message":"","name":"D:/VS Code/AllVidros/tests/financeiro/conciliacao.test.ts"},{"assertionResults":[{"ancestorTitles":["Exportação Contábil (Sprint 22)"],"fullName":"Exportação Contábil (Sprint 22) deve gerar estrutura SPED com blocos obrigatórios","status":"passed","title":"deve gerar estrutura SPED com blocos obrigatórios","duration":3.290200000000027,"failureMessages":[],"meta":{},"tags":[]},{"ancestorTitles":["Exportação Contábil (Sprint 22)"],"fullName":"Exportação Contábil (Sprint 22) deve gerar OFX válido com tags BANKTRANLIST","status":"failed","title":"deve gerar OFX válido com tags BANKTRANLIST","duration":9.600099999999998,"failureMessages":["AssertionError: expected 'OFXHEADER:100\\nDATA:OFXSGML\\nVERSION:…' to contain '<DTPOSTED>20260510</DTPOSTED>'\n    at D:/VS Code/AllVidros/tests/fiscal/contabilidade.test.ts:19:17\n    at file:///D:/VS%20Code/AllVidros/node_modules/@vitest/runner/dist/chunk-artifact.js:302:11\n    at file:///D:/VS%20Code/AllVidros/node_modules/@vitest/runner/dist/chunk-artifact.js:1903:26\n    at file:///D:/VS%20Code/AllVidros/node_modules/@vitest/runner/dist/chunk-artifact.js:2326:20\n    at new Promise (<anonymous>)\n    at runWithCancel (file:///D:/VS%20Code/AllVidros/node_modules/@vitest/runner/dist/chunk-artifact.js:2323:10)\n    at file:///D:/VS%20Code/AllVidros/node_modules/@vitest/runner/dist/chunk-artifact.js:2305:20\n    at new Promise (<anonymous>)\n    at runWithTimeout (file:///D:/VS%20Code/AllVidros/node_modules/@vitest/runner/dist/chunk-artifact.js:2272:10)\n    at file:///D:/VS%20Code/AllVidros/node_modules/@vitest/runner/dist/chunk-artifact.js:2955:64"],"meta":{},"tags":[]}],"startTime":1780288054415,"endTime":1780288054427.6,"status":"failed","message":"","name":"D:/VS Code/AllVidros/tests/fiscal/contabilidade.test.ts"},{"assertionResults":[{"ancestorTitles":["LOAD-07: Load Test Conciliação"],"fullName":"LOAD-07: Load Test Conciliação deve processar 1000 lançamentos em menos de 500ms (p95 < 5s)","status":"passed","title":"deve processar 1000 lançamentos em menos de 500ms (p95 < 5s)","duration":10.600200000000001,"failureMessages":[],"meta":{},"tags":[]}],"startTime":1780288057971,"endTime":1780288057981.6,"status":"passed","message":"","name":"D:/VS Code/AllVidros/tests/load/load-conciliacao.test.ts"},{"assertionResults":[{"ancestorTitles":["Sincronização PWA Offline (Sprint 23)"],"fullName":"Sincronização PWA Offline (Sprint 23) deve adicionar itens à fila corretamente","status":"passed","title":"deve adicionar itens à fila corretamente","duration":3.3152000000000044,"failureMessages":[],"meta":{},"tags":[]},{"ancestorTitles":["Sincronização PWA Offline (Sprint 23)"],"fullName":"Sincronização PWA Offline (Sprint 23) deve limpar a fila após sincronização bem sucedida","status":"passed","title":"deve limpar a fila após sincronização bem sucedida","duration":113.41480000000001,"failureMessages":[],"meta":{},"tags":[]}],"startTime":1780288056221,"endTime":1780288056337.4148,"status":"passed","message":"","name":"D:/VS Code/AllVidros/tests/mobile/sync.test.ts"},{"assertionResults":[{"ancestorTitles":["Go-Live e Manutenção (Sprint 24)"],"fullName":"Go-Live e Manutenção (Sprint 24) deve verificar a saúde do sistema","status":"passed","title":"deve verificar a saúde do sistema","duration":2.4846000000000004,"failureMessages":[],"meta":{},"tags":[]},{"ancestorTitles":["Go-Live e Manutenção (Sprint 24)"],"fullName":"Go-Live e Manutenção (Sprint 24) deve simular a restauração de backup com sucesso","status":"passed","title":"deve simular a restauração de backup com sucesso","duration":518.3109000000001,"failureMessages":[],"meta":{},"tags":[]}],"startTime":1780288055399,"endTime":1780288055919.3108,"status":"passed","message":"","name":"D:/VS Code/AllVidros/tests/ops/maintenance.test.ts"},{"assertionResults":[{"ancestorTitles":["Security Framework (SEC-01 a SEC-08)","SEC-01 & SEC-02: SQL Injection & XSS Validation"],"fullName":"Security Framework (SEC-01 a SEC-08) SEC-01 & SEC-02: SQL Injection & XSS Validation should block SQL injection patterns","status":"passed","title":"should block SQL injection patterns","duration":3.550399999999968,"failureMessages":[],"meta":{},"tags":[]},{"ancestorTitles":["Security Framework (SEC-01 a SEC-08)","SEC-01 & SEC-02: SQL Injection & XSS Validation"],"fullName":"Security Framework (SEC-01 a SEC-08) SEC-01 & SEC-02: SQL Injection & XSS Validation should block XSS patterns","status":"passed","title":"should block XSS patterns","duration":0.6979999999999791,"failureMessages":[],"meta":{},"tags":[]},{"ancestorTitles":["Security Framework (SEC-01 a SEC-08)","SEC-01 & SEC-02: SQL Injection & XSS Validation"],"fullName":"Security Framework (SEC-01 a SEC-08) SEC-01 & SEC-02: SQL Injection & XSS Validation should allow safe inputs","status":"passed","title":"should allow safe inputs","duration":0.7540000000000191,"failureMessages":[],"meta":{},"tags":[]},{"ancestorTitles":["Security Framework (SEC-01 a SEC-08)","SEC-07: Brute Force Protection"],"fullName":"Security Framework (SEC-01 a SEC-08) SEC-07: Brute Force Protection should allow up to 10 attempts and then block","status":"passed","title":"should allow up to 10 attempts and then block","duration":0.7298999999999864,"failureMessages":[],"meta":{},"tags":[]},{"ancestorTitles":["Security Framework (SEC-01 a SEC-08)","SEC-08: Malicious File Upload Protection"],"fullName":"Security Framework (SEC-01 a SEC-08) SEC-08: Malicious File Upload Protection should block dangerous extensions","status":"passed","title":"should block dangerous extensions","duration":0.35019999999997253,"failureMessages":[],"meta":{},"tags":[]},{"ancestorTitles":["Security Framework (SEC-01 a SEC-08)","SEC-08: Malicious File Upload Protection"],"fullName":"Security Framework (SEC-01 a SEC-08) SEC-08: Malicious File Upload Protection should allow safe extensions","status":"passed","title":"should allow safe extensions","duration":0.2145999999999617,"failureMessages":[],"meta":{},"tags":[]},{"ancestorTitles":["Security Framework (SEC-01 a SEC-08)","SEC-03: CSRF Simulation"],"fullName":"Security Framework (SEC-01 a SEC-08) SEC-03: CSRF Simulation should validate matching CSRF tokens","status":"passed","title":"should validate matching CSRF tokens","duration":0.19089999999999918,"failureMessages":[],"meta":{},"tags":[]},{"ancestorTitles":["Security Framework (SEC-01 a SEC-08)","SEC-03: CSRF Simulation"],"fullName":"Security Framework (SEC-01 a SEC-08) SEC-03: CSRF Simulation should block mismatched or missing CSRF tokens","status":"passed","title":"should block mismatched or missing CSRF tokens","duration":0.13759999999996353,"failureMessages":[],"meta":{},"tags":[]},{"ancestorTitles":["Security Framework (SEC-01 a SEC-08)","SEC-04 & SEC-05: IDOR Protection"],"fullName":"Security Framework (SEC-01 a SEC-08) SEC-04 & SEC-05: IDOR Protection should allow access to resources of the same company","status":"passed","title":"should allow access to resources of the same company","duration":0.24040000000002237,"failureMessages":[],"meta":{},"tags":[]},{"ancestorTitles":["Security Framework (SEC-01 a SEC-08)","SEC-04 & SEC-05: IDOR Protection"],"fullName":"Security Framework (SEC-01 a SEC-08) SEC-04 & SEC-05: IDOR Protection should block access to resources of different companies","status":"passed","title":"should block access to resources of different companies","duration":0.24579999999997426,"failureMessages":[],"meta":{},"tags":[]}],"startTime":1780288059105,"endTime":1780288059113.2458,"status":"passed","message":"","name":"D:/VS Code/AllVidros/tests/security/security.test.ts"},{"assertionResults":[{"ancestorTitles":["Integração WhatsApp (Sprint 20)"],"fullName":"Integração WhatsApp (Sprint 20) deve formatar o template da mensagem corretamente","status":"passed","title":"deve formatar o template da mensagem corretamente","duration":2.2128000000000156,"failureMessages":[],"meta":{},"tags":[]},{"ancestorTitles":["Integração WhatsApp (Sprint 20)"],"fullName":"Integração WhatsApp (Sprint 20) deve respeitar o opt-out do cliente","status":"passed","title":"deve respeitar o opt-out do cliente","duration":0.49680000000000746,"failureMessages":[],"meta":{},"tags":[]}],"startTime":1780288063965,"endTime":1780288063967.4968,"status":"passed","message":"","name":"D:/VS Code/AllVidros/tests/notifications/whatsapp.test.ts"},{"assertionResults":[{"ancestorTitles":["NMAP-02: ROLE_PERMISSIONS — matriz de acesso por perfil"],"fullName":"NMAP-02: ROLE_PERMISSIONS — matriz de acesso por perfil superadmin acessa todos os módulos","status":"passed","title":"superadmin acessa todos os módulos","duration":3.3740999999999985,"failureMessages":[],"meta":{},"tags":[]},{"ancestorTitles":["NMAP-02: ROLE_PERMISSIONS — matriz de acesso por perfil"],"fullName":"NMAP-02: ROLE_PERMISSIONS — matriz de acesso por perfil admin acessa todos os módulos","status":"passed","title":"admin acessa todos os módulos","duration":0.7011999999999716,"failureMessages":[],"meta":{},"tags":[]},{"ancestorTitles":["NMAP-02: ROLE_PERMISSIONS — matriz de acesso por perfil"],"fullName":"NMAP-02: ROLE_PERMISSIONS — matriz de acesso por perfil vendedor não acessa config, fiscal, estoque, rh","status":"passed","title":"vendedor não acessa config, fiscal, estoque, rh","duration":0.5996000000000095,"failureMessages":[],"meta":{},"tags":[]},{"ancestorTitles":["NMAP-02: ROLE_PERMISSIONS — matriz de acesso por perfil"],"fullName":"NMAP-02: ROLE_PERMISSIONS — matriz de acesso por perfil tecnico não acessa financeiro, fiscal, config, clientes","status":"passed","title":"tecnico não acessa financeiro, fiscal, config, clientes","duration":0.5099999999999909,"failureMessages":[],"meta":{},"tags":[]},{"ancestorTitles":["NMAP-02: ROLE_PERMISSIONS — matriz de acesso por perfil"],"fullName":"NMAP-02: ROLE_PERMISSIONS — matriz de acesso por perfil financeiro não acessa pedidos, producao, estoque, clientes","status":"passed","title":"financeiro não acessa pedidos, producao, estoque, clientes","duration":0.6503000000000156,"failureMessages":[],"meta":{},"tags":[]},{"ancestorTitles":["NMAP-02: ROLE_PERMISSIONS — matriz de acesso por perfil"],"fullName":"NMAP-02: ROLE_PERMISSIONS — matriz de acesso por perfil gestor acessa tudo exceto config","status":"passed","title":"gestor acessa tudo exceto config","duration":0.45420000000001437,"failureMessages":[],"meta":{},"tags":[]},{"ancestorTitles":["NMAP-02: canAccessModule — verificação por módulo e role"],"fullName":"NMAP-02: canAccessModule — verificação por módulo e role superadmin pode acessar config","status":"passed","title":"superadmin pode acessar config","duration":0.3891999999999598,"failureMessages":[],"meta":{},"tags":[]},{"ancestorTitles":["NMAP-02: canAccessModule — verificação por módulo e role"],"fullName":"NMAP-02: canAccessModule — verificação por módulo e role superadmin pode acessar fiscal","status":"passed","title":"superadmin pode acessar fiscal","duration":0.15589999999997417,"failureMessages":[],"meta":{},"tags":[]},{"ancestorTitles":["NMAP-02: canAccessModule — verificação por módulo e role"],"fullName":"NMAP-02: canAccessModule — verificação por módulo e role superadmin pode acessar rh","status":"passed","title":"superadmin pode acessar rh","duration":0.15770000000003392,"failureMessages":[],"meta":{},"tags":[]},{"ancestorTitles":["NMAP-02: canAccessModule — verificação por módulo e role"],"fullName":"NMAP-02: canAccessModule — verificação por módulo e role admin pode acessar config","status":"passed","title":"admin pode acessar config","duration":0.17589999999995598,"failureMessages":[],"meta":{},"tags":[]},{"ancestorTitles":["NMAP-02: canAccessModule — verificação por módulo e role"],"fullName":"NMAP-02: canAccessModule — verificação por módulo e role admin pode acessar fiscal","status":"passed","title":"admin pode acessar fiscal","duration":0.095799999999997,"failureMessages":[],"meta":{},"tags":[]},{"ancestorTitles":["NMAP-02: canAccessModule — verificação por módulo e role"],"fullName":"NMAP-02: canAccessModule — verificação por módulo e role vendedor não pode acessar config","status":"passed","title":"vendedor não pode acessar config","duration":0.09339999999997417,"failureMessages":[],"meta":{},"tags":[]},{"ancestorTitles":["NMAP-02: canAccessModule — verificação por módulo e role"],"fullName":"NMAP-02: canAccessModule — verificação por módulo e role vendedor pode acessar orcamentos","status":"passed","title":"vendedor pode acessar orcamentos","duration":0.11130000000002838,"failureMessages":[],"meta":{},"tags":[]},{"ancestorTitles":["NMAP-02: canAccessModule — verificação por módulo e role"],"fullName":"NMAP-02: canAccessModule — verificação por módulo e role tecnico pode acessar estoque","status":"passed","title":"tecnico pode acessar estoque","duration":0.10739999999998417,"failureMessages":[],"meta":{},"tags":[]},{"ancestorTitles":["NMAP-02: canAccessModule — verificação por módulo e role"],"fullName":"NMAP-02: canAccessModule — verificação por módulo e role tecnico não pode acessar financeiro","status":"passed","title":"tecnico não pode acessar financeiro","duration":0.09030000000001337,"failureMessages":[],"meta":{},"tags":[]},{"ancestorTitles":["NMAP-02: canAccessModule — verificação por módulo e role"],"fullName":"NMAP-02: canAccessModule — verificação por módulo e role financeiro pode acessar financeiro","status":"passed","title":"financeiro pode acessar financeiro","duration":0.08520000000004302,"failureMessages":[],"meta":{},"tags":[]},{"ancestorTitles":["NMAP-02: canAccessModule — verificação por módulo e role"],"fullName":"NMAP-02: canAccessModule — verificação por módulo e role financeiro não pode acessar pedidos","status":"passed","title":"financeiro não pode acessar pedidos","duration":0.07310000000001082,"failureMessages":[],"meta":{},"tags":[]},{"ancestorTitles":["NMAP-02: canAccessModule — verificação por módulo e role"],"fullName":"NMAP-02: canAccessModule — verificação por módulo e role gestor pode acessar dashboard","status":"passed","title":"gestor pode acessar dashboard","duration":0.07130000000000791,"failureMessages":[],"meta":{},"tags":[]},{"ancestorTitles":["NMAP-02: canAccessModule — verificação por módulo e role"],"fullName":"NMAP-02: canAccessModule — verificação por módulo e role gestor não pode acessar config","status":"passed","title":"gestor não pode acessar config","duration":0.0946999999999889,"failureMessages":[],"meta":{},"tags":[]},{"ancestorTitles":["NMAP-02: getModuleFromPath — resolução de rota para módulo"],"fullName":"NMAP-02: getModuleFromPath — resolução de rota para módulo resolve /dashboard para dashboard","status":"passed","title":"resolve /dashboard para dashboard","duration":0.23380000000003065,"failureMessages":[],"meta":{},"tags":[]},{"ancestorTitles":["NMAP-02: getModuleFromPath — resolução de rota para módulo"],"fullName":"NMAP-02: getModuleFromPath — resolução de rota para módulo resolve sub-rota /pedidos/123 para pedidos","status":"passed","title":"resolve sub-rota /pedidos/123 para pedidos","duration":0.11000000000001364,"failureMessages":[],"meta":{},"tags":[]},{"ancestorTitles":["NMAP-02: getModuleFromPath — resolução de rota para módulo"],"fullName":"NMAP-02: getModuleFromPath — resolução de rota para módulo retorna null para rota desconhecida","status":"passed","title":"retorna null para rota desconhecida","duration":0.1390999999999849,"failureMessages":[],"meta":{},"tags":[]},{"ancestorTitles":["NMAP-02: getModuleFromPath — resolução de rota para módulo"],"fullName":"NMAP-02: getModuleFromPath — resolução de rota para módulo é case-insensitive","status":"passed","title":"é case-insensitive","duration":0.09279999999995425,"failureMessages":[],"meta":{},"tags":[]},{"ancestorTitles":["NMAP-02: canAccessPath — verificação por path completo"],"fullName":"NMAP-02: canAccessPath — verificação por path completo admin pode acessar /config","status":"passed","title":"admin pode acessar /config","duration":0.13220000000001164,"failureMessages":[],"meta":{},"tags":[]},{"ancestorTitles":["NMAP-02: canAccessPath — verificação por path completo"],"fullName":"NMAP-02: canAccessPath — verificação por path completo vendedor não pode acessar /config","status":"passed","title":"vendedor não pode acessar /config","duration":0.08960000000001855,"failureMessages":[],"meta":{},"tags":[]},{"ancestorTitles":["NMAP-02: canAccessPath — verificação por path completo"],"fullName":"NMAP-02: canAccessPath — verificação por path completo rota desconhecida libera acesso (fallback permissivo)","status":"passed","title":"rota desconhecida libera acesso (fallback permissivo)","duration":0.09659999999996671,"failureMessages":[],"meta":{},"tags":[]},{"ancestorTitles":["NMAP-02: canAccessPath — verificação por path completo"],"fullName":"NMAP-02: canAccessPath — verificação por path completo tecnico pode acessar /estoque","status":"passed","title":"tecnico pode acessar /estoque","duration":0.08189999999996189,"failureMessages":[],"meta":{},"tags":[]},{"ancestorTitles":["NMAP-02: canAccessPath — verificação por path completo"],"fullName":"NMAP-02: canAccessPath — verificação por path completo financeiro não pode acessar /estoque","status":"passed","title":"financeiro não pode acessar /estoque","duration":0.08209999999996853,"failureMessages":[],"meta":{},"tags":[]},{"ancestorTitles":["NMAP-03: bloqueio de OS por estoque crítico"],"fullName":"NMAP-03: bloqueio de OS por estoque crítico item com qtd=0 gera status Crítico (bloqueia OS)","status":"passed","title":"item com qtd=0 gera status Crítico (bloqueia OS)","duration":0.1414999999999509,"failureMessages":[],"meta":{},"tags":[]},{"ancestorTitles":["NMAP-03: bloqueio de OS por estoque crítico"],"fullName":"NMAP-03: bloqueio de OS por estoque crítico item com qtd < mínimo gera status Crítico (bloqueia OS)","status":"passed","title":"item com qtd < mínimo gera status Crítico (bloqueia OS)","duration":0.08830000000000382,"failureMessages":[],"meta":{},"tags":[]},{"ancestorTitles":["NMAP-03: bloqueio de OS por estoque crítico"],"fullName":"NMAP-03: bloqueio de OS por estoque crítico item com qtd === mínimo gera status Atenção (aviso, não bloqueia)","status":"passed","title":"item com qtd === mínimo gera status Atenção (aviso, não bloqueia)","duration":0.07219999999995252,"failureMessages":[],"meta":{},"tags":[]},{"ancestorTitles":["NMAP-03: bloqueio de OS por estoque crítico"],"fullName":"NMAP-03: bloqueio de OS por estoque crítico item com qtd acima do mínimo gera status OK (libera OS)","status":"passed","title":"item com qtd acima do mínimo gera status OK (libera OS)","duration":0.07920000000001437,"failureMessages":[],"meta":{},"tags":[]},{"ancestorTitles":["NMAP-03: bloqueio de OS por estoque crítico"],"fullName":"NMAP-03: bloqueio de OS por estoque crítico lógica de bloqueio: OS deve ser bloqueada se QUALQUER item for Crítico","status":"passed","title":"lógica de bloqueio: OS deve ser bloqueada se QUALQUER item for Crítico","duration":0.1338000000000079,"failureMessages":[],"meta":{},"tags":[]},{"ancestorTitles":["NMAP-03: bloqueio de OS por estoque crítico"],"fullName":"NMAP-03: bloqueio de OS por estoque crítico OS pode iniciar quando todos os materiais têm status OK ou Atenção","status":"passed","title":"OS pode iniciar quando todos os materiais têm status OK ou Atenção","duration":0.1068000000000211,"failureMessages":[],"meta":{},"tags":[]}],"startTime":1780288058095,"endTime":1780288058106.1338,"status":"passed","message":"","name":"D:/VS Code/AllVidros/src/lib/auth/permissions.test.ts"},{"assertionResults":[{"ancestorTitles":["Serviço de Segurança (SEC-01, SEC-02, SEC-07, SEC-08)","Validação de Input (SEC-01, SEC-02)"],"fullName":"Serviço de Segurança (SEC-01, SEC-02, SEC-07, SEC-08) Validação de Input (SEC-01, SEC-02) deve rejeitar inputs com padrões de SQL Injection","status":"passed","title":"deve rejeitar inputs com padrões de SQL Injection","duration":3.439300000000003,"failureMessages":[],"meta":{},"tags":[]},{"ancestorTitles":["Serviço de Segurança (SEC-01, SEC-02, SEC-07, SEC-08)","Validação de Input (SEC-01, SEC-02)"],"fullName":"Serviço de Segurança (SEC-01, SEC-02, SEC-07, SEC-08) Validação de Input (SEC-01, SEC-02) deve rejeitar inputs com padrões de XSS","status":"passed","title":"deve rejeitar inputs com padrões de XSS","duration":0.5457999999999856,"failureMessages":[],"meta":{},"tags":[]},{"ancestorTitles":["Serviço de Segurança (SEC-01, SEC-02, SEC-07, SEC-08)","Validação de Input (SEC-01, SEC-02)"],"fullName":"Serviço de Segurança (SEC-01, SEC-02, SEC-07, SEC-08) Validação de Input (SEC-01, SEC-02) deve aceitar inputs legítimos","status":"passed","title":"deve aceitar inputs legítimos","duration":0.3708000000000311,"failureMessages":[],"meta":{},"tags":[]},{"ancestorTitles":["Serviço de Segurança (SEC-01, SEC-02, SEC-07, SEC-08)","Prevenção de Brute Force (SEC-07)"],"fullName":"Serviço de Segurança (SEC-01, SEC-02, SEC-07, SEC-08) Prevenção de Brute Force (SEC-07) deve bloquear após 11 tentativas em menos de 1 minuto","status":"passed","title":"deve bloquear após 11 tentativas em menos de 1 minuto","duration":0.691599999999994,"failureMessages":[],"meta":{},"tags":[]},{"ancestorTitles":["Serviço de Segurança (SEC-01, SEC-02, SEC-07, SEC-08)","Segurança de Arquivos (SEC-08)"],"fullName":"Serviço de Segurança (SEC-01, SEC-02, SEC-07, SEC-08) Segurança de Arquivos (SEC-08) deve bloquear extensões perigosas","status":"passed","title":"deve bloquear extensões perigosas","duration":0.35259999999999536,"failureMessages":[],"meta":{},"tags":[]},{"ancestorTitles":["Serviço de Segurança (SEC-01, SEC-02, SEC-07, SEC-08)","Segurança de Arquivos (SEC-08)"],"fullName":"Serviço de Segurança (SEC-01, SEC-02, SEC-07, SEC-08) Segurança de Arquivos (SEC-08) deve permitir extensões seguras","status":"passed","title":"deve permitir extensões seguras","duration":0.25549999999998363,"failureMessages":[],"meta":{},"tags":[]},{"ancestorTitles":["Serviço de Segurança (SEC-01, SEC-02, SEC-07, SEC-08)","Proteção CSRF (SEC-03)"],"fullName":"Serviço de Segurança (SEC-01, SEC-02, SEC-07, SEC-08) Proteção CSRF (SEC-03) deve validar tokens CSRF corretamente","status":"passed","title":"deve validar tokens CSRF corretamente","duration":0.27480000000002747,"failureMessages":[],"meta":{},"tags":[]},{"ancestorTitles":["Serviço de Segurança (SEC-01, SEC-02, SEC-07, SEC-08)","Prevenção IDOR (SEC-04, SEC-05)"],"fullName":"Serviço de Segurança (SEC-01, SEC-02, SEC-07, SEC-08) Prevenção IDOR (SEC-04, SEC-05) deve bloquear acesso a recursos de outra empresa","status":"passed","title":"deve bloquear acesso a recursos de outra empresa","duration":0.25240000000002283,"failureMessages":[],"meta":{},"tags":[]},{"ancestorTitles":["Serviço de Segurança (SEC-01, SEC-02, SEC-07, SEC-08)","Sistema de Auditoria"],"fullName":"Serviço de Segurança (SEC-01, SEC-02, SEC-07, SEC-08) Sistema de Auditoria deve registrar eventos de auditoria corretamente","status":"passed","title":"deve registrar eventos de auditoria corretamente","duration":3.331299999999999,"failureMessages":[],"meta":{},"tags":[]}],"startTime":1780288058403,"endTime":1780288058413.3313,"status":"passed","message":"","name":"D:/VS Code/AllVidros/src/lib/auth/security.test.ts"},{"assertionResults":[{"ancestorTitles":["CERT-01: identidade e versionamento do sistema"],"fullName":"CERT-01: identidade e versionamento do sistema sistema tem nome definido e não vazio","status":"passed","title":"sistema tem nome definido e não vazio","duration":2.9656000000000233,"failureMessages":[],"meta":{},"tags":[]},{"ancestorTitles":["CERT-01: identidade e versionamento do sistema"],"fullName":"CERT-01: identidade e versionamento do sistema versão segue padrão semver com sufixo de fase","status":"passed","title":"versão segue padrão semver com sufixo de fase","duration":0.4079999999999586,"failureMessages":[],"meta":{},"tags":[]},{"ancestorTitles":["CERT-01: identidade e versionamento do sistema"],"fullName":"CERT-01: identidade e versionamento do sistema ambiente está definido como production, staging ou development","status":"passed","title":"ambiente está definido como production, staging ou development","duration":1.2918000000000234,"failureMessages":[],"meta":{},"tags":[]},{"ancestorTitles":["CERT-02: módulos core da FASE 1 declarados"],"fullName":"CERT-02: módulos core da FASE 1 declarados módulo \"auth\" está declarado no sistema","status":"passed","title":"módulo \"auth\" está declarado no sistema","duration":0.3383999999999787,"failureMessages":[],"meta":{},"tags":[]},{"ancestorTitles":["CERT-02: módulos core da FASE 1 declarados"],"fullName":"CERT-02: módulos core da FASE 1 declarados módulo \"clientes\" está declarado no sistema","status":"passed","title":"módulo \"clientes\" está declarado no sistema","duration":0.2075999999999567,"failureMessages":[],"meta":{},"tags":[]},{"ancestorTitles":["CERT-02: módulos core da FASE 1 declarados"],"fullName":"CERT-02: módulos core da FASE 1 declarados módulo \"fornecedores\" está declarado no sistema","status":"passed","title":"módulo \"fornecedores\" está declarado no sistema","duration":0.18500000000000227,"failureMessages":[],"meta":{},"tags":[]},{"ancestorTitles":["CERT-02: módulos core da FASE 1 declarados"],"fullName":"CERT-02: módulos core da FASE 1 declarados módulo \"orcamentos\" está declarado no sistema","status":"passed","title":"módulo \"orcamentos\" está declarado no sistema","duration":0.22100000000000364,"failureMessages":[],"meta":{},"tags":[]},{"ancestorTitles":["CERT-02: módulos core da FASE 1 declarados"],"fullName":"CERT-02: módulos core da FASE 1 declarados módulo \"pedidos\" está declarado no sistema","status":"passed","title":"módulo \"pedidos\" está declarado no sistema","duration":0.18900000000002137,"failureMessages":[],"meta":{},"tags":[]},{"ancestorTitles":["CERT-02: módulos core da FASE 1 declarados"],"fullName":"CERT-02: módulos core da FASE 1 declarados módulo \"estoque\" está declarado no sistema","status":"passed","title":"módulo \"estoque\" está declarado no sistema","duration":0.3310999999999922,"failureMessages":[],"meta":{},"tags":[]},{"ancestorTitles":["CERT-02: módulos core da FASE 1 declarados"],"fullName":"CERT-02: módulos core da FASE 1 declarados módulo \"dashboard\" está declarado no sistema","status":"passed","title":"módulo \"dashboard\" está declarado no sistema","duration":0.2400000000000091,"failureMessages":[],"meta":{},"tags":[]},{"ancestorTitles":["CERT-02: módulos core da FASE 1 declarados"],"fullName":"CERT-02: módulos core da FASE 1 declarados todos os 5 perfis de usuário estão suportados","status":"passed","title":"todos os 5 perfis de usuário estão suportados","duration":0.5548999999999751,"failureMessages":[],"meta":{},"tags":[]},{"ancestorTitles":["CERT-03: configurações de segurança e autenticação"],"fullName":"CERT-03: configurações de segurança e autenticação sessão tem tempo limite definido (máximo 24h)","status":"passed","title":"sessão tem tempo limite definido (máximo 24h)","duration":0.3042000000000371,"failureMessages":[],"meta":{},"tags":[]},{"ancestorTitles":["CERT-03: configurações de segurança e autenticação"],"fullName":"CERT-03: configurações de segurança e autenticação RLS (Row Level Security) está habilitado no banco","status":"passed","title":"RLS (Row Level Security) está habilitado no banco","duration":0.24549999999999272,"failureMessages":[],"meta":{},"tags":[]},{"ancestorTitles":["CERT-03: configurações de segurança e autenticação"],"fullName":"CERT-03: configurações de segurança e autenticação banco usa Supabase como provider","status":"passed","title":"banco usa Supabase como provider","duration":0.13709999999997535,"failureMessages":[],"meta":{},"tags":[]},{"ancestorTitles":["CERT-03: configurações de segurança e autenticação"],"fullName":"CERT-03: configurações de segurança e autenticação migrations da FASE 1 estão todas listadas","status":"passed","title":"migrations da FASE 1 estão todas listadas","duration":0.38649999999995543,"failureMessages":[],"meta":{},"tags":[]},{"ancestorTitles":["DOC-01: documentação e conformidade LGPD declarada"],"fullName":"DOC-01: documentação e conformidade LGPD declarada conformidade LGPD está declarada no sistema","status":"passed","title":"conformidade LGPD está declarada no sistema","duration":0.13479999999998427,"failureMessages":[],"meta":{},"tags":[]},{"ancestorTitles":["DOC-01: documentação e conformidade LGPD declarada"],"fullName":"DOC-01: documentação e conformidade LGPD declarada mascaramento de dados sensíveis está habilitado","status":"passed","title":"mascaramento de dados sensíveis está habilitado","duration":0.11630000000002383,"failureMessages":[],"meta":{},"tags":[]},{"ancestorTitles":["DOC-01: documentação e conformidade LGPD declarada"],"fullName":"DOC-01: documentação e conformidade LGPD declarada anonimização de titulares está suportada","status":"passed","title":"anonimização de titulares está suportada","duration":0.10800000000000409,"failureMessages":[],"meta":{},"tags":[]},{"ancestorTitles":["DOC-01: documentação e conformidade LGPD declarada"],"fullName":"DOC-01: documentação e conformidade LGPD declarada exportação de dados do titular está suportada (LGPD art. 18 V)","status":"passed","title":"exportação de dados do titular está suportada (LGPD art. 18 V)","duration":0.10730000000000928,"failureMessages":[],"meta":{},"tags":[]},{"ancestorTitles":["DOC-01: documentação e conformidade LGPD declarada"],"fullName":"DOC-01: documentação e conformidade LGPD declarada registro de consentimento está implementado","status":"passed","title":"registro de consentimento está implementado","duration":0.1039000000000101,"failureMessages":[],"meta":{},"tags":[]},{"ancestorTitles":["DOC-01: documentação e conformidade LGPD declarada"],"fullName":"DOC-01: documentação e conformidade LGPD declarada legislação aplicável está declarada (LGPD)","status":"passed","title":"legislação aplicável está declarada (LGPD)","duration":0.133199999999988,"failureMessages":[],"meta":{},"tags":[]},{"ancestorTitles":["CERT: integridade dos metadados de certificação"],"fullName":"CERT: integridade dos metadados de certificação nenhum campo de metadata é undefined","status":"passed","title":"nenhum campo de metadata é undefined","duration":0.3095000000000141,"failureMessages":[],"meta":{},"tags":[]},{"ancestorTitles":["CERT: integridade dos metadados de certificação"],"fullName":"CERT: integridade dos metadados de certificação tem ao menos 7 módulos na fase 1","status":"passed","title":"tem ao menos 7 módulos na fase 1","duration":0.18519999999995207,"failureMessages":[],"meta":{},"tags":[]}],"startTime":1780288057667,"endTime":1780288057677.3096,"status":"passed","message":"","name":"D:/VS Code/AllVidros/src/lib/certification/cert.test.ts"},{"assertionResults":[{"ancestorTitles":["RPT-04: Relatório de Compras por Fornecedor"],"fullName":"RPT-04: Relatório de Compras por Fornecedor deve agregar pedidos corretamente por fornecedor e calcular KPIs","status":"failed","title":"deve agregar pedidos corretamente por fornecedor e calcular KPIs","duration":12.823599999999999,"failureMessages":["AssertionError: expected +0 to be 1 // Object.is equality\n    at D:/VS Code/AllVidros/src/lib/compras/compras-fornecedor.test.ts:46:39\n    at file:///D:/VS%20Code/AllVidros/node_modules/@vitest/runner/dist/chunk-artifact.js:302:11\n    at file:///D:/VS%20Code/AllVidros/node_modules/@vitest/runner/dist/chunk-artifact.js:1903:26\n    at file:///D:/VS%20Code/AllVidros/node_modules/@vitest/runner/dist/chunk-artifact.js:2326:20\n    at new Promise (<anonymous>)\n    at runWithCancel (file:///D:/VS%20Code/AllVidros/node_modules/@vitest/runner/dist/chunk-artifact.js:2323:10)\n    at file:///D:/VS%20Code/AllVidros/node_modules/@vitest/runner/dist/chunk-artifact.js:2305:20\n    at new Promise (<anonymous>)\n    at runWithTimeout (file:///D:/VS%20Code/AllVidros/node_modules/@vitest/runner/dist/chunk-artifact.js:2272:10)\n    at file:///D:/VS%20Code/AllVidros/node_modules/@vitest/runner/dist/chunk-artifact.js:2955:64"],"meta":{},"tags":[]}],"startTime":1780288054774,"endTime":1780288054786.8235,"status":"failed","message":"","name":"D:/VS Code/AllVidros/src/lib/compras/compras-fornecedor.test.ts"},{"assertionResults":[{"ancestorTitles":["RPT-06: Relatório de Créditos de Fornecedores"],"fullName":"RPT-06: Relatório de Créditos de Fornecedores deve agregar os créditos disponíveis, utilizados e vencidos por fornecedor","status":"passed","title":"deve agregar os créditos disponíveis, utilizados e vencidos por fornecedor","duration":3.611699999999985,"failureMessages":[],"meta":{},"tags":[]}],"startTime":1780288060313,"endTime":1780288060316.6118,"status":"passed","message":"","name":"D:/VS Code/AllVidros/src/lib/compras/creditos-utilizados.test.ts"},{"assertionResults":[{"ancestorTitles":["RPT-05: Histórico de Preços de Compra"],"fullName":"RPT-05: Histórico de Preços de Compra deve calcular a variação de preço por produto e fornecedor","status":"passed","title":"deve calcular a variação de preço por produto e fornecedor","duration":5.8904999999999745,"failureMessages":[],"meta":{},"tags":[]}],"startTime":1780288060814,"endTime":1780288060819.8904,"status":"passed","message":"","name":"D:/VS Code/AllVidros/src/lib/compras/historico-precos.test.ts"},{"assertionResults":[{"ancestorTitles":["FIS-05: Validação XSD XML (Simulada)"],"fullName":"FIS-05: Validação XSD XML (Simulada) deve validar um XML de NFe estruturado corretamente","status":"passed","title":"deve validar um XML de NFe estruturado corretamente","duration":3.930500000000052,"failureMessages":[],"meta":{},"tags":[]},{"ancestorTitles":["FIS-05: Validação XSD XML (Simulada)"],"fullName":"FIS-05: Validação XSD XML (Simulada) deve rejeitar um XML de NFe com tags obrigatórias faltando","status":"passed","title":"deve rejeitar um XML de NFe com tags obrigatórias faltando","duration":0.9531000000000063,"failureMessages":[],"meta":{},"tags":[]}],"startTime":1780288061538,"endTime":1780288061542.9531,"status":"passed","message":"","name":"D:/VS Code/AllVidros/src/lib/compras/xml-xsd-validation.test.ts"},{"assertionResults":[{"ancestorTitles":["Sprint 8: Documentos - Etiqueta de Produção (DOC-03)"],"fullName":"Sprint 8: Documentos - Etiqueta de Produção (DOC-03) deve gerar o payload do QR code corretamente com osId e itemId (DOC-03)","status":"passed","title":"deve gerar o payload do QR code corretamente com osId e itemId (DOC-03)","duration":4.1059999999999945,"failureMessages":[],"meta":{},"tags":[]},{"ancestorTitles":["Sprint 8: Documentos - Etiqueta de Produção (DOC-03)"],"fullName":"Sprint 8: Documentos - Etiqueta de Produção (DOC-03) deve montar o objeto completo da etiqueta de produção","status":"passed","title":"deve montar o objeto completo da etiqueta de produção","duration":2.374400000000037,"failureMessages":[],"meta":{},"tags":[]}],"startTime":1780288061183,"endTime":1780288061190.3745,"status":"passed","message":"","name":"D:/VS Code/AllVidros/src/lib/documentos/etiqueta-producao.test.ts"},{"assertionResults":[{"ancestorTitles":["Document Validation","CPF Validation"],"fullName":"Document Validation CPF Validation should validate a valid CPF","status":"passed","title":"should validate a valid CPF","duration":2.0360999999999763,"failureMessages":[],"meta":{},"tags":[]},{"ancestorTitles":["Document Validation","CPF Validation"],"fullName":"Document Validation CPF Validation should reject an invalid CPF","status":"passed","title":"should reject an invalid CPF","duration":0.34609999999997854,"failureMessages":[],"meta":{},"tags":[]},{"ancestorTitles":["Document Validation","CPF Validation"],"fullName":"Document Validation CPF Validation should mask CPF correctly","status":"passed","title":"should mask CPF correctly","duration":0.4433999999999969,"failureMessages":[],"meta":{},"tags":[]},{"ancestorTitles":["Document Validation","CNPJ Validation"],"fullName":"Document Validation CNPJ Validation should validate a valid CNPJ","status":"passed","title":"should validate a valid CNPJ","duration":0.40039999999999054,"failureMessages":[],"meta":{},"tags":[]},{"ancestorTitles":["Document Validation","CNPJ Validation"],"fullName":"Document Validation CNPJ Validation should reject an invalid CNPJ","status":"passed","title":"should reject an invalid CNPJ","duration":0.30869999999998754,"failureMessages":[],"meta":{},"tags":[]},{"ancestorTitles":["Document Validation","CNPJ Validation"],"fullName":"Document Validation CNPJ Validation should mask CNPJ correctly","status":"passed","title":"should mask CNPJ correctly","duration":0.37299999999999045,"failureMessages":[],"meta":{},"tags":[]},{"ancestorTitles":["Document Validation","Document Normalization"],"fullName":"Document Validation Document Normalization should strip non-numeric characters","status":"passed","title":"should strip non-numeric characters","duration":0.26619999999996935,"failureMessages":[],"meta":{},"tags":[]}],"startTime":1780288058910,"endTime":1780288058915.266,"status":"passed","message":"","name":"D:/VS Code/AllVidros/src/lib/documents/validation.test.ts"},{"assertionResults":[{"ancestorTitles":["FIS-02/03: Integração CNAB 400"],"fullName":"FIS-02/03: Integração CNAB 400 deve gerar uma linha de remessa com 400 caracteres","status":"passed","title":"deve gerar uma linha de remessa com 400 caracteres","duration":3.2837000000000103,"failureMessages":[],"meta":{},"tags":[]},{"ancestorTitles":["FIS-02/03: Integração CNAB 400"],"fullName":"FIS-02/03: Integração CNAB 400 deve processar uma linha de retorno de liquidação (Ocorrência 06)","status":"passed","title":"deve processar uma linha de retorno de liquidação (Ocorrência 06)","duration":0.4521000000000299,"failureMessages":[],"meta":{},"tags":[]}],"startTime":1780288058728,"endTime":1780288058732.4521,"status":"passed","message":"","name":"D:/VS Code/AllVidros/src/lib/financeiro/cnab.test.ts"},{"assertionResults":[{"ancestorTitles":["Sprint 13: Financeiro Core (Lógica)","calcularResumo"],"fullName":"Sprint 13: Financeiro Core (Lógica) calcularResumo deve calcular o saldo final corretamente a partir do saldo inicial","status":"passed","title":"deve calcular o saldo final corretamente a partir do saldo inicial","duration":3.5663000000000125,"failureMessages":[],"meta":{},"tags":[]},{"ancestorTitles":["Sprint 13: Financeiro Core (Lógica)","calcularResumo"],"fullName":"Sprint 13: Financeiro Core (Lógica) calcularResumo deve retornar zeros se não houver lançamentos","status":"passed","title":"deve retornar zeros se não houver lançamentos","duration":0.3103999999999587,"failureMessages":[],"meta":{},"tags":[]},{"ancestorTitles":["Sprint 13: Financeiro Core (Lógica)","filtrarLancamentos"],"fullName":"Sprint 13: Financeiro Core (Lógica) filtrarLancamentos deve filtrar por busca textual (descrição)","status":"passed","title":"deve filtrar por busca textual (descrição)","duration":1.400699999999972,"failureMessages":[],"meta":{},"tags":[]},{"ancestorTitles":["Sprint 13: Financeiro Core (Lógica)","filtrarLancamentos"],"fullName":"Sprint 13: Financeiro Core (Lógica) filtrarLancamentos deve filtrar por categoria","status":"passed","title":"deve filtrar por categoria","duration":0.3716999999999757,"failureMessages":[],"meta":{},"tags":[]},{"ancestorTitles":["Sprint 13: Financeiro Core (Lógica)","filtrarLancamentos"],"fullName":"Sprint 13: Financeiro Core (Lógica) filtrarLancamentos deve filtrar por status de conciliação","status":"passed","title":"deve filtrar por status de conciliação","duration":0.39170000000001437,"failureMessages":[],"meta":{},"tags":[]},{"ancestorTitles":["Sprint 13: Financeiro Core (Lógica)","calcularProvisoes"],"fullName":"Sprint 13: Financeiro Core (Lógica) calcularProvisoes deve calcular totais de pagar e receber corretamente","status":"passed","title":"deve calcular totais de pagar e receber corretamente","duration":0.42250000000001364,"failureMessages":[],"meta":{},"tags":[]},{"ancestorTitles":["Sprint 13: Financeiro Core (Lógica)","calcularProvisoes"],"fullName":"Sprint 13: Financeiro Core (Lógica) calcularProvisoes deve retornar zeros para lista vazia","status":"passed","title":"deve retornar zeros para lista vazia","duration":0.28239999999999554,"failureMessages":[],"meta":{},"tags":[]},{"ancestorTitles":["Sprint 13: Financeiro Core (Lógica)","gerarDRE"],"fullName":"Sprint 13: Financeiro Core (Lógica) gerarDRE deve calcular corretamente o Lucro Bruto e Líquido","status":"passed","title":"deve calcular corretamente o Lucro Bruto e Líquido","duration":2.8917000000000144,"failureMessages":[],"meta":{},"tags":[]}],"startTime":1780288059710,"endTime":1780288059719.8916,"status":"passed","message":"","name":"D:/VS Code/AllVidros/src/lib/financeiro/financeiro.test.ts"},{"assertionResults":[{"ancestorTitles":["LOAD-06: Performance de Geração de DRE"],"fullName":"LOAD-06: Performance de Geração de DRE deve gerar DRE para 10.000 lançamentos em menos de 5 segundos","status":"passed","title":"deve gerar DRE para 10.000 lançamentos em menos de 5 segundos","duration":8.87360000000001,"failureMessages":[],"meta":{},"tags":[]}],"startTime":1780288057144,"endTime":1780288057152.8735,"status":"passed","message":"","name":"D:/VS Code/AllVidros/src/lib/financeiro/load-dre.test.ts"},{"assertionResults":[{"ancestorTitles":["Sprint 16: Faturamento e NF-e"],"fullName":"Sprint 16: Faturamento e NF-e FIS-04: deve gerar XML da NF-e com estrutura correta","status":"passed","title":"FIS-04: deve gerar XML da NF-e com estrutura correta","duration":4.182600000000036,"failureMessages":[],"meta":{},"tags":[]},{"ancestorTitles":["Sprint 16: Faturamento e NF-e"],"fullName":"Sprint 16: Faturamento e NF-e LOAD-07: deve emitir 100 NF-es em lote em tempo aceitável","status":"passed","title":"LOAD-07: deve emitir 100 NF-es em lote em tempo aceitável","duration":2.319500000000005,"failureMessages":[],"meta":{},"tags":[]}],"startTime":1780288058601,"endTime":1780288058607.3196,"status":"passed","message":"","name":"D:/VS Code/AllVidros/src/lib/fiscal/nfe.test.ts"},{"assertionResults":[{"ancestorTitles":["Sprint 9: Instalações (Calendário e Campo)"],"fullName":"Sprint 9: Instalações (Calendário e Campo) deve detectar conflito de horário para o mesmo técnico","status":"passed","title":"deve detectar conflito de horário para o mesmo técnico","duration":3.2036999999999694,"failureMessages":[],"meta":{},"tags":[]},{"ancestorTitles":["Sprint 9: Instalações (Calendário e Campo)"],"fullName":"Sprint 9: Instalações (Calendário e Campo) não deve detectar conflito se for para outro técnico","status":"passed","title":"não deve detectar conflito se for para outro técnico","duration":0.31510000000002947,"failureMessages":[],"meta":{},"tags":[]},{"ancestorTitles":["Sprint 9: Instalações (Calendário e Campo)"],"fullName":"Sprint 9: Instalações (Calendário e Campo) não deve detectar conflito se a instalação existente estiver cancelada ou concluída","status":"passed","title":"não deve detectar conflito se a instalação existente estiver cancelada ou concluída","duration":0.2266999999999939,"failureMessages":[],"meta":{},"tags":[]},{"ancestorTitles":["Sprint 9: Instalações (Calendário e Campo)"],"fullName":"Sprint 9: Instalações (Calendário e Campo) deve agendar instalação se não houver conflito","status":"passed","title":"deve agendar instalação se não houver conflito","duration":1.1149000000000342,"failureMessages":[],"meta":{},"tags":[]},{"ancestorTitles":["Sprint 9: Instalações (Calendário e Campo)"],"fullName":"Sprint 9: Instalações (Calendário e Campo) deve lançar erro CONFLITO_AGENDA ao agendar com conflito","status":"passed","title":"deve lançar erro CONFLITO_AGENDA ao agendar com conflito","duration":0.8944000000000187,"failureMessages":[],"meta":{},"tags":[]},{"ancestorTitles":["Sprint 9: Instalações (Calendário e Campo)"],"fullName":"Sprint 9: Instalações (Calendário e Campo) deve concluir uma instalação","status":"passed","title":"deve concluir uma instalação","duration":0.2902000000000271,"failureMessages":[],"meta":{},"tags":[]}],"startTime":1780288059221,"endTime":1780288059227.2903,"status":"passed","message":"","name":"D:/VS Code/AllVidros/src/lib/instalacoes/instalacoes.test.ts"},{"assertionResults":[{"ancestorTitles":["calcularStatusEstoque"],"fullName":"calcularStatusEstoque retorna Crítico quando quantidade <= 0","status":"passed","title":"retorna Crítico quando quantidade <= 0","duration":1.782100000000014,"failureMessages":[],"meta":{},"tags":[]},{"ancestorTitles":["calcularStatusEstoque"],"fullName":"calcularStatusEstoque retorna Crítico quando quantidade < mínimo","status":"passed","title":"retorna Crítico quando quantidade < mínimo","duration":0.34660000000002356,"failureMessages":[],"meta":{},"tags":[]},{"ancestorTitles":["calcularStatusEstoque"],"fullName":"calcularStatusEstoque retorna Atenção quando quantidade === mínimo","status":"passed","title":"retorna Atenção quando quantidade === mínimo","duration":0.23550000000000182,"failureMessages":[],"meta":{},"tags":[]},{"ancestorTitles":["calcularStatusEstoque"],"fullName":"calcularStatusEstoque retorna Atenção quando quantidade <= mínimo * 1.3","status":"passed","title":"retorna Atenção quando quantidade <= mínimo * 1.3","duration":0.212600000000009,"failureMessages":[],"meta":{},"tags":[]},{"ancestorTitles":["calcularStatusEstoque"],"fullName":"calcularStatusEstoque retorna OK quando quantidade está acima do mínimo","status":"passed","title":"retorna OK quando quantidade está acima do mínimo","duration":0.1867000000000303,"failureMessages":[],"meta":{},"tags":[]},{"ancestorTitles":["calcularKpisEstoque"],"fullName":"calcularKpisEstoque calcula valor total correto","status":"passed","title":"calcula valor total correto","duration":0.44429999999999836,"failureMessages":[],"meta":{},"tags":[]},{"ancestorTitles":["calcularKpisEstoque"],"fullName":"calcularKpisEstoque conta itens críticos corretamente","status":"passed","title":"conta itens críticos corretamente","duration":0.3783999999999992,"failureMessages":[],"meta":{},"tags":[]},{"ancestorTitles":["calcularKpisEstoque"],"fullName":"calcularKpisEstoque conta total de itens","status":"passed","title":"conta total de itens","duration":0.3609000000000151,"failureMessages":[],"meta":{},"tags":[]},{"ancestorTitles":["calcularKpisEstoque"],"fullName":"calcularKpisEstoque retorna 0 para lista vazia","status":"passed","title":"retorna 0 para lista vazia","duration":0.33909999999997353,"failureMessages":[],"meta":{},"tags":[]},{"ancestorTitles":["filtrarEstoque"],"fullName":"filtrarEstoque filtra por busca no código","status":"passed","title":"filtra por busca no código","duration":1.4788000000000352,"failureMessages":[],"meta":{},"tags":[]},{"ancestorTitles":["filtrarEstoque"],"fullName":"filtrarEstoque filtra por busca na descrição","status":"passed","title":"filtra por busca na descrição","duration":0.39140000000003283,"failureMessages":[],"meta":{},"tags":[]},{"ancestorTitles":["filtrarEstoque"],"fullName":"filtrarEstoque filtra por categoria","status":"passed","title":"filtra por categoria","duration":0.34739999999999327,"failureMessages":[],"meta":{},"tags":[]},{"ancestorTitles":["filtrarEstoque"],"fullName":"filtrarEstoque filtra apenas críticos","status":"passed","title":"filtra apenas críticos","duration":0.33440000000001646,"failureMessages":[],"meta":{},"tags":[]},{"ancestorTitles":["filtrarEstoque"],"fullName":"filtrarEstoque retorna todos quando sem filtros","status":"passed","title":"retorna todos quando sem filtros","duration":0.2056999999999789,"failureMessages":[],"meta":{},"tags":[]},{"ancestorTitles":["aplicarMovimentacao"],"fullName":"aplicarMovimentacao entrada aumenta quantidade","status":"passed","title":"entrada aumenta quantidade","duration":0.19999999999998863,"failureMessages":[],"meta":{},"tags":[]},{"ancestorTitles":["aplicarMovimentacao"],"fullName":"aplicarMovimentacao saída reduz quantidade","status":"passed","title":"saída reduz quantidade","duration":0.11369999999999436,"failureMessages":[],"meta":{},"tags":[]},{"ancestorTitles":["aplicarMovimentacao"],"fullName":"aplicarMovimentacao devolução aumenta quantidade","status":"passed","title":"devolução aumenta quantidade","duration":0.10300000000000864,"failureMessages":[],"meta":{},"tags":[]},{"ancestorTitles":["aplicarMovimentacao"],"fullName":"aplicarMovimentacao saída inválida retorna erro","status":"passed","title":"saída inválida retorna erro","duration":0.18109999999995807,"failureMessages":[],"meta":{},"tags":[]},{"ancestorTitles":["aplicarMovimentacao"],"fullName":"aplicarMovimentacao saída com referência de OS funciona","status":"passed","title":"saída com referência de OS funciona","duration":0.16339999999996735,"failureMessages":[],"meta":{},"tags":[]},{"ancestorTitles":["Sprint 10: Ponto de Pedido e Sugestões"],"fullName":"Sprint 10: Ponto de Pedido e Sugestões EST-01: identifica ponto de pedido corretamente","status":"passed","title":"EST-01: identifica ponto de pedido corretamente","duration":0.49799999999999045,"failureMessages":[],"meta":{},"tags":[]},{"ancestorTitles":["Sprint 10: Ponto de Pedido e Sugestões"],"fullName":"Sprint 10: Ponto de Pedido e Sugestões EST-02: sugestão ignorada sem gerar pedido","status":"passed","title":"EST-02: sugestão ignorada sem gerar pedido","duration":1.5057999999999652,"failureMessages":[],"meta":{},"tags":[]},{"ancestorTitles":["Sprint 10: Ponto de Pedido e Sugestões"],"fullName":"Sprint 10: Ponto de Pedido e Sugestões EST-03: múltiplas sugestões geradas em lote","status":"passed","title":"EST-03: múltiplas sugestões geradas em lote","duration":0.6234000000000037,"failureMessages":[],"meta":{},"tags":[]}],"startTime":1780288057780,"endTime":1780288057791.6233,"status":"passed","message":"","name":"D:/VS Code/AllVidros/src/lib/inventory/estoque.test.ts"},{"assertionResults":[{"ancestorTitles":["LGPD-04: mascararCpf"],"fullName":"LGPD-04: mascararCpf mascara CPF corretamente","status":"passed","title":"mascara CPF corretamente","duration":1.902599999999893,"failureMessages":[],"meta":{},"tags":[]},{"ancestorTitles":["LGPD-04: mascararCpf"],"fullName":"LGPD-04: mascararCpf retorna placeholder para CPF inválido","status":"passed","title":"retorna placeholder para CPF inválido","duration":0.20410000000003947,"failureMessages":[],"meta":{},"tags":[]},{"ancestorTitles":["LGPD-04: mascararCpf"],"fullName":"LGPD-04: mascararCpf funciona com CPF formatado","status":"passed","title":"funciona com CPF formatado","duration":0.2037000000000262,"failureMessages":[],"meta":{},"tags":[]},{"ancestorTitles":["LGPD-04: mascararEmail"],"fullName":"LGPD-04: mascararEmail mascara e-mail deixando apenas primeira letra","status":"passed","title":"mascara e-mail deixando apenas primeira letra","duration":0.21920000000000073,"failureMessages":[],"meta":{},"tags":[]},{"ancestorTitles":["LGPD-04: mascararEmail"],"fullName":"LGPD-04: mascararEmail preserva o domínio completo","status":"failed","title":"preserva o domínio completo","duration":9.839599999999905,"failureMessages":["AssertionError: expected 'a***@dev.local.br' to contain '@vidracariatop.com.br'\n    at D:/VS Code/AllVidros/src/lib/lgpd/lgpd.test.ts:58:23\n    at file:///D:/VS%20Code/AllVidros/node_modules/@vitest/runner/dist/chunk-artifact.js:302:11\n    at file:///D:/VS%20Code/AllVidros/node_modules/@vitest/runner/dist/chunk-artifact.js:1903:26\n    at file:///D:/VS%20Code/AllVidros/node_modules/@vitest/runner/dist/chunk-artifact.js:2326:20\n    at new Promise (<anonymous>)\n    at runWithCancel (file:///D:/VS%20Code/AllVidros/node_modules/@vitest/runner/dist/chunk-artifact.js:2323:10)\n    at file:///D:/VS%20Code/AllVidros/node_modules/@vitest/runner/dist/chunk-artifact.js:2305:20\n    at new Promise (<anonymous>)\n    at runWithTimeout (file:///D:/VS%20Code/AllVidros/node_modules/@vitest/runner/dist/chunk-artifact.js:2272:10)\n    at file:///D:/VS%20Code/AllVidros/node_modules/@vitest/runner/dist/chunk-artifact.js:2955:64"],"meta":{},"tags":[]},{"ancestorTitles":["LGPD-04: mascararEmail"],"fullName":"LGPD-04: mascararEmail retorna placeholder para e-mail inválido","status":"passed","title":"retorna placeholder para e-mail inválido","duration":0.3086000000000695,"failureMessages":[],"meta":{},"tags":[]},{"ancestorTitles":["LGPD-04: mascararTelefone"],"fullName":"LGPD-04: mascararTelefone mascara telefone preservando últimos 4 dígitos","status":"passed","title":"mascara telefone preservando últimos 4 dígitos","duration":0.2237999999999829,"failureMessages":[],"meta":{},"tags":[]},{"ancestorTitles":["LGPD-04: mascararTelefone"],"fullName":"LGPD-04: mascararTelefone funciona com telefone formatado","status":"passed","title":"funciona com telefone formatado","duration":0.18439999999998236,"failureMessages":[],"meta":{},"tags":[]},{"ancestorTitles":["LGPD-04: mascararCnpj"],"fullName":"LGPD-04: mascararCnpj mascara CNPJ preservando filial","status":"passed","title":"mascara CNPJ preservando filial","duration":0.2400000000000091,"failureMessages":[],"meta":{},"tags":[]},{"ancestorTitles":["LGPD-04: mascararCnpj"],"fullName":"LGPD-04: mascararCnpj funciona com CNPJ formatado","status":"passed","title":"funciona com CNPJ formatado","duration":0.2584000000000515,"failureMessages":[],"meta":{},"tags":[]},{"ancestorTitles":["LGPD-04: mascararCnpj"],"fullName":"LGPD-04: mascararCnpj retorna placeholder para CNPJ inválido","status":"passed","title":"retorna placeholder para CNPJ inválido","duration":0.15629999999998745,"failureMessages":[],"meta":{},"tags":[]},{"ancestorTitles":["LGPD-06: anonimizarTitular"],"fullName":"LGPD-06: anonimizarTitular anonimiza nome com prefixo padrão","status":"passed","title":"anonimiza nome com prefixo padrão","duration":2.278500000000008,"failureMessages":[],"meta":{},"tags":[]},{"ancestorTitles":["LGPD-06: anonimizarTitular"],"fullName":"LGPD-06: anonimizarTitular email anonimizado termina em @deleted.invalid","status":"passed","title":"email anonimizado termina em @deleted.invalid","duration":1.8149999999999409,"failureMessages":[],"meta":{},"tags":[]},{"ancestorTitles":["LGPD-06: anonimizarTitular"],"fullName":"LGPD-06: anonimizarTitular CPF é substituído por zeros","status":"passed","title":"CPF é substituído por zeros","duration":2.3759000000000015,"failureMessages":[],"meta":{},"tags":[]},{"ancestorTitles":["LGPD-06: anonimizarTitular"],"fullName":"LGPD-06: anonimizarTitular telefone é substituído por zeros","status":"passed","title":"telefone é substituído por zeros","duration":1.6683000000000447,"failureMessages":[],"meta":{},"tags":[]},{"ancestorTitles":["LGPD-06: anonimizarTitular"],"fullName":"LGPD-06: anonimizarTitular endereço é substituído por ANONIMIZADO","status":"passed","title":"endereço é substituído por ANONIMIZADO","duration":4.0779,"failureMessages":[],"meta":{},"tags":[]},{"ancestorTitles":["LGPD-06: anonimizarTitular"],"fullName":"LGPD-06: anonimizarTitular CNPJ indefinido permanece indefinido após anonimização","status":"passed","title":"CNPJ indefinido permanece indefinido após anonimização","duration":1.870800000000031,"failureMessages":[],"meta":{},"tags":[]},{"ancestorTitles":["LGPD-06: anonimizarTitular"],"fullName":"LGPD-06: anonimizarTitular empresaId e id são preservados","status":"passed","title":"empresaId e id são preservados","duration":1.6387999999999465,"failureMessages":[],"meta":{},"tags":[]},{"ancestorTitles":["LGPD-06: isAnonimizado"],"fullName":"LGPD-06: isAnonimizado detecta titular anonimizado","status":"passed","title":"detecta titular anonimizado","duration":1.5375999999999976,"failureMessages":[],"meta":{},"tags":[]},{"ancestorTitles":["LGPD-06: isAnonimizado"],"fullName":"LGPD-06: isAnonimizado retorna false para titular normal","status":"passed","title":"retorna false para titular normal","duration":0.2861000000000331,"failureMessages":[],"meta":{},"tags":[]},{"ancestorTitles":["LGPD-01: criarConsentimento"],"fullName":"LGPD-01: criarConsentimento cria consentimento ativo com timestamp","status":"passed","title":"cria consentimento ativo com timestamp","duration":9.838300000000004,"failureMessages":[],"meta":{},"tags":[]},{"ancestorTitles":["LGPD-01: criarConsentimento"],"fullName":"LGPD-01: criarConsentimento aceita IP de origem opcional","status":"passed","title":"aceita IP de origem opcional","duration":5.965399999999931,"failureMessages":[],"meta":{},"tags":[]},{"ancestorTitles":["LGPD-01: criarConsentimento"],"fullName":"LGPD-01: criarConsentimento não requer IP de origem","status":"passed","title":"não requer IP de origem","duration":2.9791000000000167,"failureMessages":[],"meta":{},"tags":[]},{"ancestorTitles":["LGPD-01: revogarConsentimento"],"fullName":"LGPD-01: revogarConsentimento revoga consentimento ativo","status":"passed","title":"revoga consentimento ativo","duration":0.7053999999999405,"failureMessages":[],"meta":{},"tags":[]},{"ancestorTitles":["LGPD-01: revogarConsentimento"],"fullName":"LGPD-01: revogarConsentimento não muta o objeto original","status":"passed","title":"não muta o objeto original","duration":1.9850999999999885,"failureMessages":[],"meta":{},"tags":[]},{"ancestorTitles":["LGPD-01: temConsentimentoAtivo"],"fullName":"LGPD-01: temConsentimentoAtivo detecta consentimento ativo existente","status":"passed","title":"detecta consentimento ativo existente","duration":0.4155000000000655,"failureMessages":[],"meta":{},"tags":[]},{"ancestorTitles":["LGPD-01: temConsentimentoAtivo"],"fullName":"LGPD-01: temConsentimentoAtivo retorna false para consentimento revogado","status":"passed","title":"retorna false para consentimento revogado","duration":0.27460000000007767,"failureMessages":[],"meta":{},"tags":[]},{"ancestorTitles":["LGPD-01: temConsentimentoAtivo"],"fullName":"LGPD-01: temConsentimentoAtivo retorna false para titular sem consentimento nessa finalidade","status":"passed","title":"retorna false para titular sem consentimento nessa finalidade","duration":0.17690000000004602,"failureMessages":[],"meta":{},"tags":[]},{"ancestorTitles":["LGPD-01: temConsentimentoAtivo"],"fullName":"LGPD-01: temConsentimentoAtivo distingue corretamente titulares diferentes","status":"passed","title":"distingue corretamente titulares diferentes","duration":0.21109999999998763,"failureMessages":[],"meta":{},"tags":[]},{"ancestorTitles":["LGPD-02: exportarDadosTitular"],"fullName":"LGPD-02: exportarDadosTitular inclui dados completos do titular","status":"passed","title":"inclui dados completos do titular","duration":0.28750000000002274,"failureMessages":[],"meta":{},"tags":[]},{"ancestorTitles":["LGPD-02: exportarDadosTitular"],"fullName":"LGPD-02: exportarDadosTitular inclui apenas os consentimentos do titular","status":"passed","title":"inclui apenas os consentimentos do titular","duration":0.7599999999999909,"failureMessages":[],"meta":{},"tags":[]},{"ancestorTitles":["LGPD-02: exportarDadosTitular"],"fullName":"LGPD-02: exportarDadosTitular contém timestamp de exportação e versão","status":"passed","title":"contém timestamp de exportação e versão","duration":0.16599999999993997,"failureMessages":[],"meta":{},"tags":[]},{"ancestorTitles":["LGPD-02: serializarExportacao"],"fullName":"LGPD-02: serializarExportacao gera JSON válido e formatado","status":"passed","title":"gera JSON válido e formatado","duration":0.997600000000034,"failureMessages":[],"meta":{},"tags":[]},{"ancestorTitles":["LGPD-02: serializarExportacao"],"fullName":"LGPD-02: serializarExportacao JSON contém dados do titular","status":"passed","title":"JSON contém dados do titular","duration":0.20229999999992287,"failureMessages":[],"meta":{},"tags":[]}],"startTime":1780288053828,"endTime":1780288053891.2024,"status":"failed","message":"","name":"D:/VS Code/AllVidros/src/lib/lgpd/lgpd.test.ts"},{"assertionResults":[{"ancestorTitles":["Serviço de Retenção de Dados (RET-01, RET-02, RET-03)","Cálculo de Expiração (RET-01)"],"fullName":"Serviço de Retenção de Dados (RET-01, RET-02, RET-03) Cálculo de Expiração (RET-01) deve identificar registros antigos como expirados","status":"passed","title":"deve identificar registros antigos como expirados","duration":2.617999999999995,"failureMessages":[],"meta":{},"tags":[]},{"ancestorTitles":["Serviço de Retenção de Dados (RET-01, RET-02, RET-03)","Cálculo de Expiração (RET-01)"],"fullName":"Serviço de Retenção de Dados (RET-01, RET-02, RET-03) Cálculo de Expiração (RET-01) deve identificar registros recentes como não expirados","status":"passed","title":"deve identificar registros recentes como não expirados","duration":0.350400000000036,"failureMessages":[],"meta":{},"tags":[]},{"ancestorTitles":["Serviço de Retenção de Dados (RET-01, RET-02, RET-03)","Processamento de Retenção (RET-02, RET-03)"],"fullName":"Serviço de Retenção de Dados (RET-01, RET-02, RET-03) Processamento de Retenção (RET-02, RET-03) deve manter dados que não expiraram","status":"passed","title":"deve manter dados que não expiraram","duration":0.44180000000000064,"failureMessages":[],"meta":{},"tags":[]},{"ancestorTitles":["Serviço de Retenção de Dados (RET-01, RET-02, RET-03)","Processamento de Retenção (RET-02, RET-03)"],"fullName":"Serviço de Retenção de Dados (RET-01, RET-02, RET-03) Processamento de Retenção (RET-02, RET-03) deve anonimizar dados expirados conforme política","status":"passed","title":"deve anonimizar dados expirados conforme política","duration":47.9042,"failureMessages":[],"meta":{},"tags":[]}],"startTime":1780288056553,"endTime":1780288056604.9043,"status":"passed","message":"","name":"D:/VS Code/AllVidros/src/lib/lgpd/retention.test.ts"},{"assertionResults":[{"ancestorTitles":["Sprint 8: Plano de Corte (Bin Packing 2D)"],"fullName":"Sprint 8: Plano de Corte (Bin Packing 2D) deve alocar peças corretamente e calcular o aproveitamento","status":"passed","title":"deve alocar peças corretamente e calcular o aproveitamento","duration":4.023199999999974,"failureMessages":[],"meta":{},"tags":[]},{"ancestorTitles":["Sprint 8: Plano de Corte (Bin Packing 2D)"],"fullName":"Sprint 8: Plano de Corte (Bin Packing 2D) deve rejeitar peças que não cabem na chapa","status":"passed","title":"deve rejeitar peças que não cabem na chapa","duration":0.4778999999999769,"failureMessages":[],"meta":{},"tags":[]}],"startTime":1780288060690,"endTime":1780288060694.4778,"status":"passed","message":"","name":"D:/VS Code/AllVidros/src/lib/producao/plano-corte.test.ts"},{"assertionResults":[{"ancestorTitles":["Módulo de Produção - Fila e Processamentos"],"fullName":"Módulo de Produção - Fila e Processamentos deve ordenar a fila por prazo crescente e desempatar por prioridade","status":"passed","title":"deve ordenar a fila por prazo crescente e desempatar por prioridade","duration":5.247200000000021,"failureMessages":[],"meta":{},"tags":[]},{"ancestorTitles":["Módulo de Produção - Fila e Processamentos"],"fullName":"Módulo de Produção - Fila e Processamentos deve filtrar a fila por tipo de processamento (apenas pendentes)","status":"passed","title":"deve filtrar a fila por tipo de processamento (apenas pendentes)","duration":1.519900000000007,"failureMessages":[],"meta":{},"tags":[]},{"ancestorTitles":["Módulo de Produção - Fila e Processamentos"],"fullName":"Módulo de Produção - Fila e Processamentos deve atualizar o status de uma etapa e registrar dataInicio","status":"passed","title":"deve atualizar o status de uma etapa e registrar dataInicio","duration":0.8232999999999606,"failureMessages":[],"meta":{},"tags":[]},{"ancestorTitles":["Módulo de Produção - Fila e Processamentos"],"fullName":"Módulo de Produção - Fila e Processamentos deve calcular KPIs de produção corretamente","status":"passed","title":"deve calcular KPIs de produção corretamente","duration":0.6164999999999736,"failureMessages":[],"meta":{},"tags":[]}],"startTime":1780288060216,"endTime":1780288060224.6165,"status":"passed","message":"","name":"D:/VS Code/AllVidros/src/lib/producao/producao.test.ts"},{"assertionResults":[{"ancestorTitles":["RESP-01: breakpoints e responsividade baseline (tablet)","isTabletOrLarger"],"fullName":"RESP-01: breakpoints e responsividade baseline (tablet) isTabletOrLarger 768px é tablet (baseline RESP-01 aprovado)","status":"passed","title":"768px é tablet (baseline RESP-01 aprovado)","duration":2.4078999999999837,"failureMessages":[],"meta":{},"tags":[]},{"ancestorTitles":["RESP-01: breakpoints e responsividade baseline (tablet)","isTabletOrLarger"],"fullName":"RESP-01: breakpoints e responsividade baseline (tablet) isTabletOrLarger 1024px é tablet ou maior","status":"passed","title":"1024px é tablet ou maior","duration":0.22989999999998645,"failureMessages":[],"meta":{},"tags":[]},{"ancestorTitles":["RESP-01: breakpoints e responsividade baseline (tablet)","isTabletOrLarger"],"fullName":"RESP-01: breakpoints e responsividade baseline (tablet) isTabletOrLarger 1280px é tablet ou maior","status":"passed","title":"1280px é tablet ou maior","duration":0.15850000000000364,"failureMessages":[],"meta":{},"tags":[]},{"ancestorTitles":["RESP-01: breakpoints e responsividade baseline (tablet)","isTabletOrLarger"],"fullName":"RESP-01: breakpoints e responsividade baseline (tablet) isTabletOrLarger 767px é mobile (abaixo do baseline)","status":"passed","title":"767px é mobile (abaixo do baseline)","duration":0.2067000000000121,"failureMessages":[],"meta":{},"tags":[]},{"ancestorTitles":["RESP-01: breakpoints e responsividade baseline (tablet)","isTabletOrLarger"],"fullName":"RESP-01: breakpoints e responsividade baseline (tablet) isTabletOrLarger 375px é mobile (iPhone SE)","status":"passed","title":"375px é mobile (iPhone SE)","duration":0.19290000000000873,"failureMessages":[],"meta":{},"tags":[]},{"ancestorTitles":["RESP-01: breakpoints e responsividade baseline (tablet)","getActiveBreakpoint"],"fullName":"RESP-01: breakpoints e responsividade baseline (tablet) getActiveBreakpoint 375px → sm (mobile)","status":"passed","title":"375px → sm (mobile)","duration":0.24459999999999127,"failureMessages":[],"meta":{},"tags":[]},{"ancestorTitles":["RESP-01: breakpoints e responsividade baseline (tablet)","getActiveBreakpoint"],"fullName":"RESP-01: breakpoints e responsividade baseline (tablet) getActiveBreakpoint 768px → md (tablet portrait — baseline RESP-01)","status":"passed","title":"768px → md (tablet portrait — baseline RESP-01)","duration":0.18999999999999773,"failureMessages":[],"meta":{},"tags":[]},{"ancestorTitles":["RESP-01: breakpoints e responsividade baseline (tablet)","getActiveBreakpoint"],"fullName":"RESP-01: breakpoints e responsividade baseline (tablet) getActiveBreakpoint 1024px → lg (tablet landscape)","status":"passed","title":"1024px → lg (tablet landscape)","duration":0.17610000000001946,"failureMessages":[],"meta":{},"tags":[]},{"ancestorTitles":["RESP-01: breakpoints e responsividade baseline (tablet)","getActiveBreakpoint"],"fullName":"RESP-01: breakpoints e responsividade baseline (tablet) getActiveBreakpoint 1280px → xl (desktop)","status":"passed","title":"1280px → xl (desktop)","duration":0.22329999999999472,"failureMessages":[],"meta":{},"tags":[]},{"ancestorTitles":["RESP-01: breakpoints e responsividade baseline (tablet)","getActiveBreakpoint"],"fullName":"RESP-01: breakpoints e responsividade baseline (tablet) getActiveBreakpoint 1536px → 2xl (desktop grande)","status":"passed","title":"1536px → 2xl (desktop grande)","duration":0.24850000000003547,"failureMessages":[],"meta":{},"tags":[]},{"ancestorTitles":["RESP-01: breakpoints e responsividade baseline (tablet)","RESP-01: usabilidade dos módulos críticos em tablet (768px)"],"fullName":"RESP-01: breakpoints e responsividade baseline (tablet) RESP-01: usabilidade dos módulos críticos em tablet (768px) Dashboard é usável em tablet (768px)","status":"passed","title":"Dashboard é usável em tablet (768px)","duration":0.19589999999999463,"failureMessages":[],"meta":{},"tags":[]},{"ancestorTitles":["RESP-01: breakpoints e responsividade baseline (tablet)","RESP-01: usabilidade dos módulos críticos em tablet (768px)"],"fullName":"RESP-01: breakpoints e responsividade baseline (tablet) RESP-01: usabilidade dos módulos críticos em tablet (768px) Kanban de OS é usável em tablet (768px)","status":"passed","title":"Kanban de OS é usável em tablet (768px)","duration":0.11530000000004748,"failureMessages":[],"meta":{},"tags":[]},{"ancestorTitles":["RESP-01: breakpoints e responsividade baseline (tablet)","RESP-01: usabilidade dos módulos críticos em tablet (768px)"],"fullName":"RESP-01: breakpoints e responsividade baseline (tablet) RESP-01: usabilidade dos módulos críticos em tablet (768px) Tabela de Estoque é usável em tablet (768px)","status":"passed","title":"Tabela de Estoque é usável em tablet (768px)","duration":0.09839999999996962,"failureMessages":[],"meta":{},"tags":[]},{"ancestorTitles":["RESP-01: breakpoints e responsividade baseline (tablet)","RESP-01: usabilidade dos módulos críticos em tablet (768px)"],"fullName":"RESP-01: breakpoints e responsividade baseline (tablet) RESP-01: usabilidade dos módulos críticos em tablet (768px) Sidebar fixa requer desktop (1024px) — não disponível em 768px","status":"passed","title":"Sidebar fixa requer desktop (1024px) — não disponível em 768px","duration":0.08940000000001191,"failureMessages":[],"meta":{},"tags":[]},{"ancestorTitles":["RESP-01: breakpoints e responsividade baseline (tablet)","RESP-01: dispositivos reais de referência"],"fullName":"RESP-01: breakpoints e responsividade baseline (tablet) RESP-01: dispositivos reais de referência iPad Mini (768px) → isTabletOrLarger: true","status":"passed","title":"iPad Mini (768px) → isTabletOrLarger: true","duration":0.10669999999998936,"failureMessages":[],"meta":{},"tags":[]},{"ancestorTitles":["RESP-01: breakpoints e responsividade baseline (tablet)","RESP-01: dispositivos reais de referência"],"fullName":"RESP-01: breakpoints e responsividade baseline (tablet) RESP-01: dispositivos reais de referência iPad Air (820px) → isTabletOrLarger: true","status":"passed","title":"iPad Air (820px) → isTabletOrLarger: true","duration":0.06639999999998736,"failureMessages":[],"meta":{},"tags":[]},{"ancestorTitles":["RESP-01: breakpoints e responsividade baseline (tablet)","RESP-01: dispositivos reais de referência"],"fullName":"RESP-01: breakpoints e responsividade baseline (tablet) RESP-01: dispositivos reais de referência iPad Pro 11 (1024px) → isTabletOrLarger: true","status":"passed","title":"iPad Pro 11 (1024px) → isTabletOrLarger: true","duration":0.06049999999999045,"failureMessages":[],"meta":{},"tags":[]},{"ancestorTitles":["RESP-01: breakpoints e responsividade baseline (tablet)","RESP-01: dispositivos reais de referência"],"fullName":"RESP-01: breakpoints e responsividade baseline (tablet) RESP-01: dispositivos reais de referência Surface Pro 7 (912px) → isTabletOrLarger: true","status":"passed","title":"Surface Pro 7 (912px) → isTabletOrLarger: true","duration":0.061299999999960164,"failureMessages":[],"meta":{},"tags":[]},{"ancestorTitles":["RESP-01: breakpoints e responsividade baseline (tablet)","RESP-01: dispositivos reais de referência"],"fullName":"RESP-01: breakpoints e responsividade baseline (tablet) RESP-01: dispositivos reais de referência Galaxy Tab S8 (753px — portrait) → isTabletOrLarger: false","status":"passed","title":"Galaxy Tab S8 (753px — portrait) → isTabletOrLarger: false","duration":0.06369999999998299,"failureMessages":[],"meta":{},"tags":[]},{"ancestorTitles":["RESP-01: breakpoints e responsividade baseline (tablet)","RESP-02: Desktop Grande (>1440px)"],"fullName":"RESP-01: breakpoints e responsividade baseline (tablet) RESP-02: Desktop Grande (>1440px) 1440px deve ativar breakpoint 2xl","status":"passed","title":"1440px deve ativar breakpoint 2xl","duration":0.09409999999996899,"failureMessages":[],"meta":{},"tags":[]},{"ancestorTitles":["RESP-01: breakpoints e responsividade baseline (tablet)","RESP-02: Desktop Grande (>1440px)"],"fullName":"RESP-01: breakpoints e responsividade baseline (tablet) RESP-02: Desktop Grande (>1440px) 1600px deve ativar breakpoint 2xl","status":"passed","title":"1600px deve ativar breakpoint 2xl","duration":0.08099999999996044,"failureMessages":[],"meta":{},"tags":[]},{"ancestorTitles":["RESP-01: breakpoints e responsividade baseline (tablet)","RESP-03: Mobile (375px - 414px)"],"fullName":"RESP-01: breakpoints e responsividade baseline (tablet) RESP-03: Mobile (375px - 414px) 375px (iPhone SE) deve ser mobile (sm)","status":"passed","title":"375px (iPhone SE) deve ser mobile (sm)","duration":0.12180000000000746,"failureMessages":[],"meta":{},"tags":[]},{"ancestorTitles":["RESP-01: breakpoints e responsividade baseline (tablet)","RESP-03: Mobile (375px - 414px)"],"fullName":"RESP-01: breakpoints e responsividade baseline (tablet) RESP-03: Mobile (375px - 414px) 414px (iPhone 11 Pro Max) deve ser mobile (sm)","status":"passed","title":"414px (iPhone 11 Pro Max) deve ser mobile (sm)","duration":0.10069999999996071,"failureMessages":[],"meta":{},"tags":[]},{"ancestorTitles":["RESP-01: breakpoints e responsividade baseline (tablet)","RESP-03: Mobile (375px - 414px)"],"fullName":"RESP-01: breakpoints e responsividade baseline (tablet) RESP-03: Mobile (375px - 414px) Touch targets devem ser >= 44px (simulação)","status":"passed","title":"Touch targets devem ser >= 44px (simulação)","duration":0.22320000000001983,"failureMessages":[],"meta":{},"tags":[]}],"startTime":1780288059874,"endTime":1780288059880.2231,"status":"passed","message":"","name":"D:/VS Code/AllVidros/src/lib/responsive/responsive.test.ts"},{"assertionResults":[{"ancestorTitles":["Sprint 11: RH (Colaboradores, Folha e Férias)"],"fullName":"Sprint 11: RH (Colaboradores, Folha e Férias) deve calcular folha de pagamento apenas com colaboradores ativos","status":"passed","title":"deve calcular folha de pagamento apenas com colaboradores ativos","duration":1.7816000000000258,"failureMessages":[],"meta":{},"tags":[]},{"ancestorTitles":["Sprint 11: RH (Colaboradores, Folha e Férias)"],"fullName":"Sprint 11: RH (Colaboradores, Folha e Férias) deve gerar alerta de férias a vencer em <= 90 dias","status":"passed","title":"deve gerar alerta de férias a vencer em <= 90 dias","duration":2.006399999999985,"failureMessages":[],"meta":{},"tags":[]},{"ancestorTitles":["Sprint 11: RH (Colaboradores, Folha e Férias)"],"fullName":"Sprint 11: RH (Colaboradores, Folha e Férias) não deve gerar alerta de férias a vencer em > 90 dias","status":"passed","title":"não deve gerar alerta de férias a vencer em > 90 dias","duration":0.447400000000016,"failureMessages":[],"meta":{},"tags":[]}],"startTime":1780288059521,"endTime":1780288059525.4475,"status":"passed","message":"","name":"D:/VS Code/AllVidros/src/lib/rh/rh.test.ts"},{"assertionResults":[{"ancestorTitles":["Sales Calculator","calcularArea"],"fullName":"Sales Calculator calcularArea should calculate area correctly for standard dimensions","status":"passed","title":"should calculate area correctly for standard dimensions","duration":2.8180000000000405,"failureMessages":[],"meta":{},"tags":[]},{"ancestorTitles":["Sales Calculator","calcularArea"],"fullName":"Sales Calculator calcularArea should handle decimals correctly","status":"passed","title":"should handle decimals correctly","duration":0.43990000000002283,"failureMessages":[],"meta":{},"tags":[]},{"ancestorTitles":["Sales Calculator","calcularArea"],"fullName":"Sales Calculator calcularArea should handle multiple quantities","status":"passed","title":"should handle multiple quantities","duration":0.25169999999997117,"failureMessages":[],"meta":{},"tags":[]},{"ancestorTitles":["Sales Calculator","calcularItem"],"fullName":"Sales Calculator calcularItem should calculate total for an item without processing cost","status":"passed","title":"should calculate total for an item without processing cost","duration":0.6302000000000021,"failureMessages":[],"meta":{},"tags":[]},{"ancestorTitles":["Sales Calculator","calcularItem"],"fullName":"Sales Calculator calcularItem should calculate total for an item with processing cost","status":"passed","title":"should calculate total for an item with processing cost","duration":0.359299999999962,"failureMessages":[],"meta":{},"tags":[]},{"ancestorTitles":["Sales Calculator","Totals"],"fullName":"Sales Calculator Totals should sum up total budget and total area correctly","status":"passed","title":"should sum up total budget and total area correctly","duration":0.33310000000000173,"failureMessages":[],"meta":{},"tags":[]}],"startTime":1780288060920,"endTime":1780288060925.3594,"status":"passed","message":"","name":"D:/VS Code/AllVidros/src/lib/sales/calculator.test.ts"},{"assertionResults":[{"ancestorTitles":["Ordem de Servico Converter"],"fullName":"Ordem de Servico Converter converte orçamento aprovado corretamente","status":"passed","tit
[...]
 custo 374.60, margem 0.06 → venda≈397.08 (margem baixa positiva)","status":"passed","title":"VCR4: custo 374.60, margem 0.06 → venda≈397.08 (margem baixa positiva)","duration":0.1745000000000232,"failureMessages":[],"meta":{},"tags":[]}],"startTime":1780288057465,"endTime":1780288057475.2075,"status":"passed","message":"","name":"D:/VS Code/AllVidros/tests/unit/produtos/calculo-preco-venda.test.ts"},{"assertionResults":[{"ancestorTitles":["T1.2 — Serviços Compostos e Componentes"],"fullName":"T1.2 — Serviços Compostos e Componentes todos os 27 serviços têm pelo menos 1 componente","status":"passed","title":"todos os 27 serviços têm pelo menos 1 componente","duration":2.9384000000000015,"failureMessages":[],"meta":{},"tags":[]},{"ancestorTitles":["T1.2 — Serviços Compostos e Componentes"],"fullName":"T1.2 — Serviços Compostos e Componentes existem exatamente 27 serviços","status":"passed","title":"existem exatamente 27 serviços","duration":1.1440000000000055,"failureMessages":[],"meta":{},"tags":[]},{"ancestorTitles":["T1.2 — Serviços Compostos e Componentes"],"fullName":"T1.2 — Serviços Compostos e Componentes cada componente referencia um código de produto válido (37 códigos)","status":"passed","title":"cada componente referencia um código de produto válido (37 códigos)","duration":1.7302999999999997,"failureMessages":[],"meta":{},"tags":[]},{"ancestorTitles":["T1.2 — Serviços Compostos e Componentes"],"fullName":"T1.2 — Serviços Compostos e Componentes PPI8 tem exatamente 4 componentes","status":"passed","title":"PPI8 tem exatamente 4 componentes","duration":0.3094999999999857,"failureMessages":[],"meta":{},"tags":[]},{"ancestorTitles":["T1.2 — Serviços Compostos e Componentes"],"fullName":"T1.2 — Serviços Compostos e Componentes PCEI (mais complexo) tem 5 componentes","status":"passed","title":"PCEI (mais complexo) tem 5 componentes","duration":0.26380000000000337,"failureMessages":[],"meta":{},"tags":[]},{"ancestorTitles":["T1.2 — Serviços Compostos e Componentes"],"fullName":"T1.2 — Serviços Compostos e Componentes serviços simples (VC4, JT, FPA, etc.) têm 1 componente","status":"passed","title":"serviços simples (VC4, JT, FPA, etc.) têm 1 componente","duration":2.394299999999987,"failureMessages":[],"meta":{},"tags":[]},{"ancestorTitles":["T1.2 — Serviços Compostos e Componentes"],"fullName":"T1.2 — Serviços Compostos e Componentes tipos de preço válidos: M2, PC_FX, PC_ML","status":"passed","title":"tipos de preço válidos: M2, PC_FX, PC_ML","duration":0.8070999999999913,"failureMessages":[],"meta":{},"tags":[]}],"startTime":1780288058277,"endTime":1780288058286.8071,"status":"passed","message":"","name":"D:/VS Code/AllVidros/tests/unit/produtos/servico-componentes.test.ts"},{"assertionResults":[{"ancestorTitles":["T1.3 — Unicidade de Códigos"],"fullName":"T1.3 — Unicidade de Códigos todos os 37 códigos de produtos são únicos","status":"passed","title":"todos os 37 códigos de produtos são únicos","duration":2.2643999999999664,"failureMessages":[],"meta":{},"tags":[]},{"ancestorTitles":["T1.3 — Unicidade de Códigos"],"fullName":"T1.3 — Unicidade de Códigos todos os 27 códigos de serviços compostos são únicos","status":"passed","title":"todos os 27 códigos de serviços compostos são únicos","duration":0.3058000000000334,"failureMessages":[],"meta":{},"tags":[]},{"ancestorTitles":["T1.3 — Unicidade de Códigos"],"fullName":"T1.3 — Unicidade de Códigos detecta duplicata em array com repetição","status":"passed","title":"detecta duplicata em array com repetição","duration":0.27640000000002374,"failureMessages":[],"meta":{},"tags":[]},{"ancestorTitles":["T1.3 — Unicidade de Códigos"],"fullName":"T1.3 — Unicidade de Códigos unicidade é por empresa — mesmo código em empresas diferentes é permitido","status":"passed","title":"unicidade é por empresa — mesmo código em empresas diferentes é permitido","duration":0.26849999999996044,"failureMessages":[],"meta":{},"tags":[]},{"ancestorTitles":["T1.3 — Unicidade de Códigos"],"fullName":"T1.3 — Unicidade de Códigos mesmo código na mesma empresa é inválido","status":"passed","title":"mesmo código na mesma empresa é inválido","duration":0.24799999999999045,"failureMessages":[],"meta":{},"tags":[]},{"ancestorTitles":["T1.3 — Unicidade de Códigos"],"fullName":"T1.3 — Unicidade de Códigos sobreposição de códigos entre produtos e serviços é permitida (ex: BI, VC4, VC6, VCR4)","status":"passed","title":"sobreposição de códigos entre produtos e serviços é permitida (ex: BI, VC4, VC6, VCR4)","duration":0.950300000000027,"failureMessages":[],"meta":{},"tags":[]}],"startTime":1780288060095,"endTime":1780288060099.9502,"status":"passed","message":"","name":"D:/VS Code/AllVidros/tests/unit/produtos/unicidade-codigo.test.ts"},{"assertionResults":[{"ancestorTitles":["T5.1 — campos obrigatórios do PDF"],"fullName":"T5.1 — campos obrigatórios do PDF gera layout com cabeçalho, cliente e tabela","status":"failed","title":"gera layout com cabeçalho, cliente e tabela","duration":7.398300000000006,"failureMessages":["TypeError: Cannot read properties of undefined (reading '0')\n    at normalizarLinhaLegacy (D:/VS Code/AllVidros/src/lib/sales/pdfOrcamento.ts:115:21)\n    at normalizarLinha (D:/VS Code/AllVidros/src/lib/sales/pdfOrcamento.ts:158:12)\n    at D:/VS Code/AllVidros/src/lib/sales/pdfOrcamento.ts:189:5\n    at Array.map (<anonymous>)\n    at montarModeloPdfOrcamento (D:/VS Code/AllVidros/src/lib/sales/pdfOrcamento.ts:188:58)\n    at D:/VS Code/AllVidros/tests/unit/pdf/campos.test.ts:6:20\n    at file:///D:/VS%20Code/AllVidros/node_modules/@vitest/runner/dist/chunk-artifact.js:302:11\n    at file:///D:/VS%20Code/AllVidros/node_modules/@vitest/runner/dist/chunk-artifact.js:1903:26\n    at file:///D:/VS%20Code/AllVidros/node_modules/@vitest/runner/dist/chunk-artifact.js:2326:20\n    at new Promise (<anonymous>)"],"meta":{},"tags":[]}],"startTime":1780288055102,"endTime":1780288055109.3982,"status":"failed","message":"","name":"D:/VS Code/AllVidros/tests/unit/pdf/campos.test.ts"},{"assertionResults":[{"ancestorTitles":["T5.4 — data automática"],"fullName":"T5.4 — data automática preenche data de emissão com a data fornecida","status":"failed","title":"preenche data de emissão com a data fornecida","duration":36.964200000000005,"failureMessages":["AssertionError: expected '01/06/2026' to be '18/05/2026' // Object.is equality\n    at D:/VS Code/AllVidros/tests/unit/pdf/data.test.ts:20:32\n    at file:///D:/VS%20Code/AllVidros/node_modules/@vitest/runner/dist/chunk-artifact.js:302:11\n    at file:///D:/VS%20Code/AllVidros/node_modules/@vitest/runner/dist/chunk-artifact.js:1903:26\n    at file:///D:/VS%20Code/AllVidros/node_modules/@vitest/runner/dist/chunk-artifact.js:2326:20\n    at new Promise (<anonymous>)\n    at runWithCancel (file:///D:/VS%20Code/AllVidros/node_modules/@vitest/runner/dist/chunk-artifact.js:2323:10)\n    at file:///D:/VS%20Code/AllVidros/node_modules/@vitest/runner/dist/chunk-artifact.js:2305:20\n    at new Promise (<anonymous>)\n    at runWithTimeout (file:///D:/VS%20Code/AllVidros/node_modules/@vitest/runner/dist/chunk-artifact.js:2272:10)\n    at file:///D:/VS%20Code/AllVidros/node_modules/@vitest/runner/dist/chunk-artifact.js:2955:64"],"meta":{},"tags":[]}],"startTime":1780288054063,"endTime":1780288054099.964,"status":"failed","message":"","name":"D:/VS Code/AllVidros/tests/unit/pdf/data.test.ts"},{"assertionResults":[{"ancestorTitles":["T5.2 — limite de itens"],"fullName":"T5.2 — limite de itens limita a 23 itens por orçamento","status":"passed","title":"limita a 23 itens por orçamento","duration":2.531000000000006,"failureMessages":[],"meta":{},"tags":[]}],"startTime":1780288060497,"endTime":1780288060499.531,"status":"passed","message":"","name":"D:/VS Code/AllVidros/tests/unit/pdf/limite-23.test.ts"},{"assertionResults":[{"ancestorTitles":["T5.3 — total do PDF"],"fullName":"T5.3 — total do PDF total geral é a soma dos VL TOTAL","status":"failed","title":"total geral é a soma dos VL TOTAL","duration":7.884399999999971,"failureMessages":["TypeError: Cannot read properties of undefined (reading '0')\n    at normalizarLinhaLegacy (D:/VS Code/AllVidros/src/lib/sales/pdfOrcamento.ts:115:21)\n    at normalizarLinha (D:/VS Code/AllVidros/src/lib/sales/pdfOrcamento.ts:158:12)\n    at D:/VS Code/AllVidros/src/lib/sales/pdfOrcamento.ts:189:5\n    at Array.map (<anonymous>)\n    at montarModeloPdfOrcamento (D:/VS Code/AllVidros/src/lib/sales/pdfOrcamento.ts:188:58)\n    at D:/VS Code/AllVidros/tests/unit/pdf/total.test.ts:6:20\n    at file:///D:/VS%20Code/AllVidros/node_modules/@vitest/runner/dist/chunk-artifact.js:302:11\n    at file:///D:/VS%20Code/AllVidros/node_modules/@vitest/runner/dist/chunk-artifact.js:1903:26\n    at file:///D:/VS%20Code/AllVidros/node_modules/@vitest/runner/dist/chunk-artifact.js:2326:20\n    at new Promise (<anonymous>)"],"meta":{},"tags":[]}],"startTime":1780288055004,"endTime":1780288055011.8845,"status":"failed","message":"","name":"D:/VS Code/AllVidros/tests/unit/pdf/total.test.ts"},{"assertionResults":[{"ancestorTitles":["T6.4 — edge cases"],"fullName":"T6.4 — edge cases dimensões zero retornam m2=0","status":"passed","title":"dimensões zero retornam m2=0","duration":2.034500000000037,"failureMessages":[],"meta":{},"tags":[]},{"ancestorTitles":["T6.4 — edge cases"],"fullName":"T6.4 — edge cases dimensões negativas são normalizadas para zero","status":"passed","title":"dimensões negativas são normalizadas para zero","duration":0.32499999999998863,"failureMessages":[],"meta":{},"tags":[]},{"ancestorTitles":["T6.4 — edge cases"],"fullName":"T6.4 — edge cases dimensões altas (>10m) ainda calculam sem erro","status":"passed","title":"dimensões altas (>10m) ainda calculam sem erro","duration":0.2810999999999808,"failureMessages":[],"meta":{},"tags":[]}],"startTime":1780288059770,"endTime":1780288059773.325,"status":"passed","message":"","name":"D:/VS Code/AllVidros/tests/unit/regressao/edge-cases.test.ts"},{"assertionResults":[{"ancestorTitles":["T6.3 — fórmula de custo"],"fullName":"T6.3 — fórmula de custo custo = (custo_m2 × L × A × Q) + (fx × Q) + (ml × L)","status":"passed","title":"custo = (custo_m2 × L × A × Q) + (fx × Q) + (ml × L)","duration":3.9646999999999935,"failureMessages":[],"meta":{},"tags":[]}],"startTime":1780288064868,"endTime":1780288064871.9646,"status":"passed","message":"","name":"D:/VS Code/AllVidros/tests/unit/regressao/formula-custo.test.ts"},{"assertionResults":[{"ancestorTitles":["T6.2 — fórmula de preço de venda"],"fullName":"T6.2 — fórmula de preço de venda preço = compra × (1 + margem)","status":"passed","title":"preço = compra × (1 + margem)","duration":4.34620000000001,"failureMessages":[],"meta":{},"tags":[]}],"startTime":1780288064152,"endTime":1780288064156.3462,"status":"passed","message":"","name":"D:/VS Code/AllVidros/tests/unit/regressao/formula-preco.test.ts"},{"assertionResults":[{"ancestorTitles":["T6.1 — valores de venda dos 27 serviços"],"fullName":"T6.1 — valores de venda dos 27 serviços bate com a tabela da planilha para L=1, A=1, Q=1","status":"passed","title":"bate com a tabela da planilha para L=1, A=1, Q=1","duration":4.835399999999993,"failureMessages":[],"meta":{},"tags":[]}],"startTime":1780288061063,"endTime":1780288061067.8354,"status":"passed","message":"","name":"D:/VS Code/AllVidros/tests/unit/regressao/valores-planilha.test.ts"},{"assertionResults":[{"ancestorTitles":["COM-01 a COM-03: Comissoes e Metas"],"fullName":"COM-01 a COM-03: Comissoes e Metas deve calcular comissao do vendedor corretamente (COM-01)","status":"passed","title":"deve calcular comissao do vendedor corretamente (COM-01)","duration":2.5038000000000125,"failureMessages":[],"meta":{},"tags":[]},{"ancestorTitles":["COM-01 a COM-03: Comissoes e Metas"],"fullName":"COM-01 a COM-03: Comissoes e Metas deve calcular comissao do tecnico com adicional fixo (COM-02)","status":"passed","title":"deve calcular comissao do tecnico com adicional fixo (COM-02)","duration":0.33620000000001937,"failureMessages":[],"meta":{},"tags":[]},{"ancestorTitles":["COM-01 a COM-03: Comissoes e Metas"],"fullName":"COM-01 a COM-03: Comissoes e Metas deve calcular bonus de meta sobre o excedente (COM-03)","status":"passed","title":"deve calcular bonus de meta sobre o excedente (COM-03)","duration":0.2418999999999869,"failureMessages":[],"meta":{},"tags":[]},{"ancestorTitles":["COM-01 a COM-03: Comissoes e Metas"],"fullName":"COM-01 a COM-03: Comissoes e Metas não deve dar bonus se a meta não foi atingida","status":"passed","title":"não deve dar bonus se a meta não foi atingida","duration":0.1956000000000131,"failureMessages":[],"meta":{},"tags":[]}],"startTime":1780288062828,"endTime":1780288062831.3362,"status":"passed","message":"","name":"D:/VS Code/AllVidros/tests/unit/relatorios/comissoes-metas.test.ts"},{"assertionResults":[{"ancestorTitles":["RPT-02: Giro de Estoque"],"fullName":"RPT-02: Giro de Estoque deve calcular o giro de estoque corretamente","status":"passed","title":"deve calcular o giro de estoque corretamente","duration":4.519900000000007,"failureMessages":[],"meta":{},"tags":[]},{"ancestorTitles":["RPT-02: Giro de Estoque"],"fullName":"RPT-02: Giro de Estoque deve calcular dias parado corretamente","status":"passed","title":"deve calcular dias parado corretamente","duration":0.39289999999999736,"failureMessages":[],"meta":{},"tags":[]}],"startTime":1780288061270,"endTime":1780288061275.3928,"status":"passed","message":"","name":"D:/VS Code/AllVidros/tests/unit/relatorios/giro-estoque.test.ts"},{"assertionResults":[{"ancestorTitles":["RPT-05: Historico de Preços"],"fullName":"RPT-05: Historico de Preços deve calcular a variação de preços corretamente","status":"passed","title":"deve calcular a variação de preços corretamente","duration":3.4513999999999783,"failureMessages":[],"meta":{},"tags":[]}],"startTime":1780288061895,"endTime":1780288061898.4514,"status":"passed","message":"","name":"D:/VS Code/AllVidros/tests/unit/relatorios/historico-precos.test.ts"},{"assertionResults":[{"ancestorTitles":["NMAP-01: NPS Interno"],"fullName":"NMAP-01: NPS Interno deve calcular NPS corretamente com mix de notas","status":"passed","title":"deve calcular NPS corretamente com mix de notas","duration":2.6282999999999674,"failureMessages":[],"meta":{},"tags":[]},{"ancestorTitles":["NMAP-01: NPS Interno"],"fullName":"NMAP-01: NPS Interno deve retornar zero para lista vazia","status":"passed","title":"deve retornar zero para lista vazia","duration":0.28199999999998226,"failureMessages":[],"meta":{},"tags":[]}],"startTime":1780288064335,"endTime":1780288064338.282,"status":"passed","message":"","name":"D:/VS Code/AllVidros/tests/unit/relatorios/nps-interno.test.ts"},{"assertionResults":[{"ancestorTitles":["RPT-07: Rentabilidade por OS"],"fullName":"RPT-07: Rentabilidade por OS deve calcular a rentabilidade correta","status":"passed","title":"deve calcular a rentabilidade correta","duration":2.247599999999977,"failureMessages":[],"meta":{},"tags":[]},{"ancestorTitles":["RPT-07: Rentabilidade por OS"],"fullName":"RPT-07: Rentabilidade por OS deve lidar com valor zero sem erro","status":"passed","title":"deve lidar com valor zero sem erro","duration":0.2629999999999768,"failureMessages":[],"meta":{},"tags":[]}],"startTime":1780288057376,"endTime":1780288057378.263,"status":"passed","message":"","name":"D:/VS Code/AllVidros/tests/unit/relatorios/rentabilidade.test.ts"},{"assertionResults":[{"ancestorTitles":["T2.9 — Adicional"],"fullName":"T2.9 — Adicional adicional soma no valor final da linha","status":"passed","title":"adicional soma no valor final da linha","duration":2.1194000000000415,"failureMessages":[],"meta":{},"tags":[]}],"startTime":1780288063823,"endTime":1780288063825.1194,"status":"passed","message":"","name":"D:/VS Code/AllVidros/tests/unit/sales/adicional.test.ts"},{"assertionResults":[{"ancestorTitles":["T2.3 — BI"],"fullName":"T2.3 — BI box + kit ML + acessório FX","status":"passed","title":"box + kit ML + acessório FX","duration":3.9709000000000287,"failureMessages":[],"meta":{},"tags":[]}],"startTime":1780288063200,"endTime":1780288063203.971,"status":"passed","message":"","name":"D:/VS Code/AllVidros/tests/unit/sales/bi-box.test.ts"},{"assertionResults":[{"ancestorTitles":["T2.1 — calcularM2"],"fullName":"T2.1 — calcularM2 calcula m² = L × A × Q","status":"passed","title":"calcula m² = L × A × Q","duration":2.3770999999999844,"failureMessages":[],"meta":{},"tags":[]}],"startTime":1780288065021,"endTime":1780288065023.3772,"status":"passed","message":"","name":"D:/VS Code/AllVidros/tests/unit/sales/calcular-m2.test.ts"},{"assertionResults":[{"ancestorTitles":["T2.10 — Quantidade zero"],"fullName":"T2.10 — Quantidade zero retorna total e preço unitário iguais a zero","status":"passed","title":"retorna total e preço unitário iguais a zero","duration":2.905499999999961,"failureMessages":[],"meta":{},"tags":[]}],"startTime":1780288062245,"endTime":1780288062247.9055,"status":"passed","message":"","name":"D:/VS Code/AllVidros/tests/unit/sales/edge-zero.test.ts"},{"assertionResults":[{"ancestorTitles":["T2.4 — JI8"],"fullName":"T2.4 — JI8 janela + kit ML + bate-fecha","status":"passed","title":"janela + kit ML + bate-fecha","duration":3.766300000000001,"failureMessages":[],"meta":{},"tags":[]}],"startTime":1780288064616,"endTime":1780288064619.7664,"status":"passed","message":"","name":"D:/VS Code/AllVidros/tests/unit/sales/ji8.test.ts"},{"assertionResults":[{"ancestorTitles":["T2.5 — PCI4"],"fullName":"T2.5 — PCI4 porta 4 folhas com 2 puxadores","status":"passed","title":"porta 4 folhas com 2 puxadores","duration":2.2764999999999986,"failureMessages":[],"meta":{},"tags":[]}],"startTime":1780288062210,"endTime":1780288062212.2766,"status":"passed","message":"","name":"D:/VS Code/AllVidros/tests/unit/sales/pci4.test.ts"},{"assertionResults":[{"ancestorTitles":["T2.6 — PP2V8"],"fullName":"T2.6 — PP2V8 retorna valor calculado mesmo em cenário de margem negativa no custo","status":"passed","title":"retorna valor calculado mesmo em cenário de margem negativa no custo","duration":2.7889000000000124,"failureMessages":[],"meta":{},"tags":[]}],"startTime":1780288064688,"endTime":1780288064690.7888,"status":"passed","message":"","name":"D:/VS Code/AllVidros/tests/unit/sales/pp2v8.test.ts"},{"assertionResults":[{"ancestorTitles":["T2.2 — PPI8"],"fullName":"T2.2 — PPI8 composição e valor total da linha seguem a planilha","status":"passed","title":"composição e valor total da linha seguem a planilha","duration":3.5757999999999583,"failureMessages":[],"meta":{},"tags":[]}],"startTime":1780288064316,"endTime":1780288064319.5757,"status":"passed","message":"","name":"D:/VS Code/AllVidros/tests/unit/sales/ppi8.test.ts"},{"assertionResults":[{"ancestorTitles":["T2.11 — Todos os serviços"],"fullName":"T2.11 — Todos os serviços todos os 27 serviços calculam sem erro","status":"passed","title":"todos os 27 serviços calculam sem erro","duration":5.27109999999999,"failureMessages":[],"meta":{},"tags":[]}],"startTime":1780288058912,"endTime":1780288058917.271,"status":"passed","message":"","name":"D:/VS Code/AllVidros/tests/unit/sales/todos-servicos.test.ts"},{"assertionResults":[{"ancestorTitles":["T2.8 — Total geral"],"fullName":"T2.8 — Total geral soma de todas as linhas","status":"passed","title":"soma de todas as linhas","duration":2.799699999999973,"failureMessages":[],"meta":{},"tags":[]}],"startTime":1780288061878,"endTime":1780288061880.7998,"status":"passed","message":"","name":"D:/VS Code/AllVidros/tests/unit/sales/total-geral.test.ts"},{"assertionResults":[{"ancestorTitles":["T2.7 — VCR4"],"fullName":"T2.7 — VCR4 mantém preço operacional da planilha (R$ 192/m²)","status":"passed","title":"mantém preço operacional da planilha (R$ 192/m²)","duration":2.5995000000000346,"failureMessages":[],"meta":{},"tags":[]}],"startTime":1780288063986,"endTime":1780288063988.5996,"status":"passed","message":"","name":"D:/VS Code/AllVidros/tests/unit/sales/vcr4.test.ts"}]}